2016-08-25 17:11:45 [org.springframework.boot.StartupInfoLogger:48] - Starting BootstrapApplication on LP-IM-LQ with PID 12952 (G:\opensource\Mlife\target\classes started by Administrator in G:\opensource\Mlife)
2016-08-25 17:11:45 [org.springframework.boot.SpringApplication:659] - No active profile set, falling back to default profiles: default
2016-08-25 17:11:45 [org.springframework.context.support.AbstractApplicationContext:581] - Refreshing org.springframework.boot.context.embedded.AnnotationConfigEmbeddedWebApplicationContext@3ce3eda6: startup date [Thu Aug 25 17:11:45 CST 2016]; root of context hierarchy
2016-08-25 17:11:46 [org.hibernate.validator.internal.util.Version:30] - HV000001: Hibernate Validator 5.2.4.Final
2016-08-25 17:11:48 [org.springframework.boot.context.embedded.tomcat.TomcatEmbeddedServletContainer:88] - Tomcat initialized with port(s): 8181 (http)
2016-08-25 17:11:48 [org.apache.juli.logging.DirectJDKLog:179] - Starting service Tomcat
2016-08-25 17:11:48 [org.apache.juli.logging.DirectJDKLog:179] - Starting Servlet Engine: Apache Tomcat/8.5.4
2016-08-25 17:11:48 [org.apache.juli.logging.DirectJDKLog:179] - Initializing Spring embedded WebApplicationContext
2016-08-25 17:11:48 [org.springframework.boot.context.embedded.EmbeddedWebApplicationContext:276] - Root WebApplicationContext: initialization completed in 2971 ms
2016-08-25 17:11:49 [org.springframework.boot.web.servlet.ServletRegistrationBean:190] - Mapping servlet: 'dispatcherServlet' to [/]
2016-08-25 17:11:49 [org.springframework.boot.web.servlet.AbstractFilterRegistrationBean:258] - Mapping filter: 'characterEncodingFilter' to: [/*]
2016-08-25 17:11:49 [org.springframework.boot.web.servlet.AbstractFilterRegistrationBean:258] - Mapping filter: 'hiddenHttpMethodFilter' to: [/*]
2016-08-25 17:11:49 [org.springframework.boot.web.servlet.AbstractFilterRegistrationBean:258] - Mapping filter: 'httpPutFormContentFilter' to: [/*]
2016-08-25 17:11:49 [org.springframework.boot.web.servlet.AbstractFilterRegistrationBean:258] - Mapping filter: 'requestContextFilter' to: [/*]
2016-08-25 17:11:49 [com.mongodb.diagnostics.logging.SLF4JLogger:71] - Cluster created with settings {hosts=[121.40.144.146:27017], mode=MULTIPLE, requiredClusterType=UNKNOWN, serverSelectionTimeout='30000 ms', maxWaitQueueSize=500}
2016-08-25 17:11:49 [com.mongodb.diagnostics.logging.SLF4JLogger:71] - Adding discovered server 121.40.144.146:27017 to client view of cluster
2016-08-25 17:11:49 [com.mongodb.diagnostics.logging.SLF4JLogger:71] - Opened connection [connectionId{localValue:1, serverValue:592}] to 121.40.144.146:27017
2016-08-25 17:11:49 [com.mongodb.diagnostics.logging.SLF4JLogger:71] - Monitor thread successfully connected to server with description ServerDescription{address=121.40.144.146:27017, type=STANDALONE, state=CONNECTED, ok=true, version=ServerVersion{versionList=[3, 2, 3]}, minWireVersion=0, maxWireVersion=4, maxDocumentSize=16777216, roundTripTimeNanos=6114493}
2016-08-25 17:11:49 [com.mongodb.diagnostics.logging.SLF4JLogger:71] - Discovered cluster type of STANDALONE
2016-08-25 17:11:50 [org.springframework.web.servlet.mvc.method.annotation.RequestMappingHandlerAdapter:534] - Looking for @ControllerAdvice: org.springframework.boot.context.embedded.AnnotationConfigEmbeddedWebApplicationContext@3ce3eda6: startup date [Thu Aug 25 17:11:45 CST 2016]; root of context hierarchy
2016-08-25 17:11:50 [org.springframework.web.servlet.handler.AbstractHandlerMethodMapping$MappingRegistry:543] - Mapped "{[/mlife/admin/dashboard],methods=[GET]}" onto public org.springframework.web.servlet.ModelAndView colin.app.service.mlife.controller.DashboardModuleController.showDashboard(javax.servlet.http.HttpSession)
2016-08-25 17:11:50 [org.springframework.web.servlet.handler.AbstractHandlerMethodMapping$MappingRegistry:543] - Mapped "{[/mlife/admin/index],methods=[GET]}" onto public org.springframework.web.servlet.ModelAndView colin.app.service.mlife.controller.DashboardModuleController.showIndex() throws java.lang.Exception
2016-08-25 17:11:50 [org.springframework.web.servlet.handler.AbstractHandlerMethodMapping$MappingRegistry:543] - Mapped "{[/mlife/admin/logout],methods=[GET]}" onto public org.springframework.web.servlet.ModelAndView colin.app.service.mlife.controller.DashboardModuleController.adminLogout(java.lang.String)
2016-08-25 17:11:50 [org.springframework.web.servlet.handler.AbstractHandlerMethodMapping$MappingRegistry:543] - Mapped "{[/error/ie],methods=[GET]}" onto public java.lang.String colin.app.service.mlife.controller.ExceptionModuleController.showError()
2016-08-25 17:11:50 [org.springframework.web.servlet.handler.AbstractHandlerMethodMapping$MappingRegistry:543] - Mapped "{[/mlife/admin/login],methods=[GET]}" onto public java.lang.String colin.app.service.mlife.controller.LoginModuleController.showLogin()
2016-08-25 17:11:50 [org.springframework.web.servlet.handler.AbstractHandlerMethodMapping$MappingRegistry:543] - Mapped "{[/mlife/admin/login],methods=[POST]}" onto public org.springframework.web.servlet.ModelAndView colin.app.service.mlife.controller.LoginModuleController.adminLogin(java.lang.String,java.lang.String,javax.servlet.http.HttpSession)
2016-08-25 17:11:50 [org.springframework.web.servlet.handler.AbstractHandlerMethodMapping$MappingRegistry:543] - Mapped "{[/mlife/admin/web_crawler],methods=[GET]}" onto public org.springframework.web.servlet.ModelAndView colin.app.service.mlife.controller.WebCrawlerController.showWebCrawler()
2016-08-25 17:11:50 [org.springframework.web.servlet.handler.AbstractHandlerMethodMapping$MappingRegistry:543] - Mapped "{[/mlife/admin/list_web_crawler],methods=[GET]}" onto public java.lang.Object colin.app.service.mlife.controller.WebCrawlerController.listCrawlerUrlInfo(int,int)
2016-08-25 17:11:50 [org.springframework.web.servlet.handler.AbstractHandlerMethodMapping$MappingRegistry:543] - Mapped "{[/mlife/admin/add_crawler_url],methods=[PUT],produces=[application/json;charset=UTF-8]}" onto public java.lang.Object colin.app.service.mlife.controller.WebCrawlerController.addCrawlerUrlInfo(colin.app.service.mlife.controller.wrapper.CrawlerUrlWrapper)
2016-08-25 17:11:50 [org.springframework.web.servlet.handler.AbstractHandlerMethodMapping$MappingRegistry:543] - Mapped "{[/error]}" onto public org.springframework.http.ResponseEntity<java.util.Map<java.lang.String, java.lang.Object>> org.springframework.boot.autoconfigure.web.BasicErrorController.error(javax.servlet.http.HttpServletRequest)
2016-08-25 17:11:50 [org.springframework.web.servlet.handler.AbstractHandlerMethodMapping$MappingRegistry:543] - Mapped "{[/error],produces=[text/html]}" onto public org.springframework.web.servlet.ModelAndView org.springframework.boot.autoconfigure.web.BasicErrorController.errorHtml(javax.servlet.http.HttpServletRequest,javax.servlet.http.HttpServletResponse)
2016-08-25 17:11:50 [org.springframework.web.servlet.handler.AbstractUrlHandlerMapping:354] - Mapped URL path [/webjars/**] onto handler of type [class org.springframework.web.servlet.resource.ResourceHttpRequestHandler]
2016-08-25 17:11:50 [org.springframework.web.servlet.handler.AbstractUrlHandlerMapping:354] - Mapped URL path [/**] onto handler of type [class org.springframework.web.servlet.resource.ResourceHttpRequestHandler]
2016-08-25 17:11:50 [org.springframework.web.servlet.handler.AbstractUrlHandlerMapping:354] - Mapped URL path [/**/favicon.ico] onto handler of type [class org.springframework.web.servlet.resource.ResourceHttpRequestHandler]
2016-08-25 17:11:50 [org.springframework.jmx.export.MBeanExporter:431] - Registering beans for JMX exposure on startup
2016-08-25 17:11:50 [org.apache.juli.logging.DirectJDKLog:179] - Initializing ProtocolHandler ["http-nio-8181"]
2016-08-25 17:11:50 [org.apache.juli.logging.DirectJDKLog:179] - Starting ProtocolHandler [http-nio-8181]
2016-08-25 17:11:50 [org.apache.juli.logging.DirectJDKLog:179] - Using a shared selector for servlet write/read
2016-08-25 17:11:50 [org.springframework.boot.context.embedded.tomcat.TomcatEmbeddedServletContainer:186] - Tomcat started on port(s): 8181 (http)
2016-08-25 17:11:50 [org.springframework.boot.StartupInfoLogger:57] - Started BootstrapApplication in 6.121 seconds (JVM running for 7.094)
2016-08-25 17:13:02 [org.apache.juli.logging.DirectJDKLog:179] - Initializing Spring FrameworkServlet 'dispatcherServlet'
2016-08-25 17:13:02 [org.springframework.web.servlet.FrameworkServlet:489] - FrameworkServlet 'dispatcherServlet': initialization started
2016-08-25 17:13:02 [org.springframework.web.servlet.FrameworkServlet:508] - FrameworkServlet 'dispatcherServlet': initialization completed in 26 ms
2016-08-25 17:13:10 [com.mongodb.diagnostics.logging.SLF4JLogger:71] - Opened connection [connectionId{localValue:2, serverValue:593}] to 121.40.144.146:27017
2016-08-25 17:15:37 [colin.app.service.mlife.core.parser.BoLeWebIndexParser:51] - 获取菜单页面信息{}<ul id="main-nav-menu" class="menu">
 <li id="menu-item-81438" class="menu-item menu-item-type-post_type menu-item-object-page current-menu-item page_item page-item-7 current_page_item menu-item-81438"><a href="http://web.jobbole.com/">首页</a></li> 
 <li id="menu-item-81437" class="menu-item menu-item-type-post_type menu-item-object-page menu-item-81437"><a href="http://web.jobbole.com/all-posts/">所有文章</a></li> 
 <li id="menu-item-81439" class="menu-item menu-item-type-taxonomy menu-item-object-category menu-item-81439"><a href="http://web.jobbole.com/category/javascript-2/">JavaScript</a></li> 
 <li id="menu-item-81440" class="menu-item menu-item-type-taxonomy menu-item-object-category menu-item-81440"><a href="http://web.jobbole.com/category/html5/">HTML5</a></li> 
 <li id="menu-item-81441" class="menu-item menu-item-type-taxonomy menu-item-object-category menu-item-81441"><a href="http://web.jobbole.com/category/css/">CSS</a></li> 
 <li id="menu-item-85853" class="menu-item menu-item-type-taxonomy menu-item-object-category menu-item-85853"><a href="http://web.jobbole.com/category/basic-tech/">基础技术</a></li> 
 <li id="menu-item-85849" class="menu-item menu-item-type-taxonomy menu-item-object-category menu-item-85849"><a href="http://web.jobbole.com/category/career/">职场</a></li> 
 <li id="menu-item-81442" class="menu-item menu-item-type-custom menu-item-object-custom menu-item-81442"><a href="http://hao.jobbole.com/category/web-front-end/">工具资源</a></li> 
 <li id="menu-item-87236" class="menu-item menu-item-type-custom menu-item-object-custom menu-item-87236"><a href="http://group.jobbole.com/category/tech/webfront/">前端小组</a></li> 
 <li id="menu-item-81824" class="menu-item menu-item-type-custom menu-item-object-custom menu-item-has-children menu-item-81824"><a href="#">更多频道▼</a> 
  <ul class="sub-menu"> 
   <li id="menu-item-81825" class="menu-item menu-item-type-custom menu-item-object-custom menu-item-81825"><a href="http://ios.jobbole.com">iOS</a></li> 
   <li id="menu-item-81827" class="menu-item menu-item-type-custom menu-item-object-custom menu-item-81827"><a href="http://www.importnew.com">Java</a></li> 
   <li id="menu-item-81828" class="menu-item menu-item-type-custom menu-item-object-custom menu-item-81828"><a href="http://android.jobbole.com">Android</a></li> 
   <li id="menu-item-81829" class="menu-item menu-item-type-custom menu-item-object-custom menu-item-81829"><a href="http://python.jobbole.com">Python</a></li> 
  </ul> </li> 
</ul>
2016-08-25 17:15:37 [colin.app.service.mlife.core.parser.BoLeWebIndexParser:79] - 获取文章列表页面信息{}<li id="menu-item-81438" class="menu-item menu-item-type-post_type menu-item-object-page current-menu-item page_item page-item-7 current_page_item menu-item-81438"><a href="http://web.jobbole.com/">首页</a></li>
2016-08-25 17:18:11 [org.springframework.boot.StartupInfoLogger:48] - Starting BootstrapApplication on LP-IM-LQ with PID 14716 (G:\opensource\Mlife\target\classes started by Administrator in G:\opensource\Mlife)
2016-08-25 17:18:11 [org.springframework.boot.SpringApplication:659] - No active profile set, falling back to default profiles: default
2016-08-25 17:18:11 [org.springframework.context.support.AbstractApplicationContext:581] - Refreshing org.springframework.boot.context.embedded.AnnotationConfigEmbeddedWebApplicationContext@231e51d0: startup date [Thu Aug 25 17:18:11 CST 2016]; root of context hierarchy
2016-08-25 17:18:12 [org.hibernate.validator.internal.util.Version:30] - HV000001: Hibernate Validator 5.2.4.Final
2016-08-25 17:18:15 [org.springframework.boot.context.embedded.tomcat.TomcatEmbeddedServletContainer:88] - Tomcat initialized with port(s): 8181 (http)
2016-08-25 17:18:15 [org.apache.juli.logging.DirectJDKLog:179] - Starting service Tomcat
2016-08-25 17:18:15 [org.apache.juli.logging.DirectJDKLog:179] - Starting Servlet Engine: Apache Tomcat/8.5.4
2016-08-25 17:18:15 [org.apache.juli.logging.DirectJDKLog:179] - Initializing Spring embedded WebApplicationContext
2016-08-25 17:18:15 [org.springframework.boot.context.embedded.EmbeddedWebApplicationContext:276] - Root WebApplicationContext: initialization completed in 3236 ms
2016-08-25 17:18:15 [org.springframework.boot.web.servlet.ServletRegistrationBean:190] - Mapping servlet: 'dispatcherServlet' to [/]
2016-08-25 17:18:15 [org.springframework.boot.web.servlet.AbstractFilterRegistrationBean:258] - Mapping filter: 'characterEncodingFilter' to: [/*]
2016-08-25 17:18:15 [org.springframework.boot.web.servlet.AbstractFilterRegistrationBean:258] - Mapping filter: 'hiddenHttpMethodFilter' to: [/*]
2016-08-25 17:18:15 [org.springframework.boot.web.servlet.AbstractFilterRegistrationBean:258] - Mapping filter: 'httpPutFormContentFilter' to: [/*]
2016-08-25 17:18:15 [org.springframework.boot.web.servlet.AbstractFilterRegistrationBean:258] - Mapping filter: 'requestContextFilter' to: [/*]
2016-08-25 17:18:15 [com.mongodb.diagnostics.logging.SLF4JLogger:71] - Cluster created with settings {hosts=[121.40.144.146:27017], mode=MULTIPLE, requiredClusterType=UNKNOWN, serverSelectionTimeout='30000 ms', maxWaitQueueSize=500}
2016-08-25 17:18:15 [com.mongodb.diagnostics.logging.SLF4JLogger:71] - Adding discovered server 121.40.144.146:27017 to client view of cluster
2016-08-25 17:18:15 [com.mongodb.diagnostics.logging.SLF4JLogger:71] - Opened connection [connectionId{localValue:1, serverValue:594}] to 121.40.144.146:27017
2016-08-25 17:18:15 [com.mongodb.diagnostics.logging.SLF4JLogger:71] - Monitor thread successfully connected to server with description ServerDescription{address=121.40.144.146:27017, type=STANDALONE, state=CONNECTED, ok=true, version=ServerVersion{versionList=[3, 2, 3]}, minWireVersion=0, maxWireVersion=4, maxDocumentSize=16777216, roundTripTimeNanos=6167236}
2016-08-25 17:18:15 [com.mongodb.diagnostics.logging.SLF4JLogger:71] - Discovered cluster type of STANDALONE
2016-08-25 17:18:16 [org.springframework.web.servlet.mvc.method.annotation.RequestMappingHandlerAdapter:534] - Looking for @ControllerAdvice: org.springframework.boot.context.embedded.AnnotationConfigEmbeddedWebApplicationContext@231e51d0: startup date [Thu Aug 25 17:18:11 CST 2016]; root of context hierarchy
2016-08-25 17:18:16 [org.springframework.web.servlet.handler.AbstractHandlerMethodMapping$MappingRegistry:543] - Mapped "{[/mlife/admin/index],methods=[GET]}" onto public org.springframework.web.servlet.ModelAndView colin.app.service.mlife.controller.DashboardModuleController.showIndex() throws java.lang.Exception
2016-08-25 17:18:16 [org.springframework.web.servlet.handler.AbstractHandlerMethodMapping$MappingRegistry:543] - Mapped "{[/mlife/admin/dashboard],methods=[GET]}" onto public org.springframework.web.servlet.ModelAndView colin.app.service.mlife.controller.DashboardModuleController.showDashboard(javax.servlet.http.HttpSession)
2016-08-25 17:18:16 [org.springframework.web.servlet.handler.AbstractHandlerMethodMapping$MappingRegistry:543] - Mapped "{[/mlife/admin/logout],methods=[GET]}" onto public org.springframework.web.servlet.ModelAndView colin.app.service.mlife.controller.DashboardModuleController.adminLogout(java.lang.String)
2016-08-25 17:18:16 [org.springframework.web.servlet.handler.AbstractHandlerMethodMapping$MappingRegistry:543] - Mapped "{[/error/ie],methods=[GET]}" onto public java.lang.String colin.app.service.mlife.controller.ExceptionModuleController.showError()
2016-08-25 17:18:16 [org.springframework.web.servlet.handler.AbstractHandlerMethodMapping$MappingRegistry:543] - Mapped "{[/mlife/admin/login],methods=[GET]}" onto public java.lang.String colin.app.service.mlife.controller.LoginModuleController.showLogin()
2016-08-25 17:18:16 [org.springframework.web.servlet.handler.AbstractHandlerMethodMapping$MappingRegistry:543] - Mapped "{[/mlife/admin/login],methods=[POST]}" onto public org.springframework.web.servlet.ModelAndView colin.app.service.mlife.controller.LoginModuleController.adminLogin(java.lang.String,java.lang.String,javax.servlet.http.HttpSession)
2016-08-25 17:18:16 [org.springframework.web.servlet.handler.AbstractHandlerMethodMapping$MappingRegistry:543] - Mapped "{[/mlife/admin/web_crawler],methods=[GET]}" onto public org.springframework.web.servlet.ModelAndView colin.app.service.mlife.controller.WebCrawlerController.showWebCrawler()
2016-08-25 17:18:16 [org.springframework.web.servlet.handler.AbstractHandlerMethodMapping$MappingRegistry:543] - Mapped "{[/mlife/admin/list_web_crawler],methods=[GET]}" onto public java.lang.Object colin.app.service.mlife.controller.WebCrawlerController.listCrawlerUrlInfo(int,int)
2016-08-25 17:18:16 [org.springframework.web.servlet.handler.AbstractHandlerMethodMapping$MappingRegistry:543] - Mapped "{[/mlife/admin/add_crawler_url],methods=[PUT],produces=[application/json;charset=UTF-8]}" onto public java.lang.Object colin.app.service.mlife.controller.WebCrawlerController.addCrawlerUrlInfo(colin.app.service.mlife.controller.wrapper.CrawlerUrlWrapper)
2016-08-25 17:18:16 [org.springframework.web.servlet.handler.AbstractHandlerMethodMapping$MappingRegistry:543] - Mapped "{[/error]}" onto public org.springframework.http.ResponseEntity<java.util.Map<java.lang.String, java.lang.Object>> org.springframework.boot.autoconfigure.web.BasicErrorController.error(javax.servlet.http.HttpServletRequest)
2016-08-25 17:18:16 [org.springframework.web.servlet.handler.AbstractHandlerMethodMapping$MappingRegistry:543] - Mapped "{[/error],produces=[text/html]}" onto public org.springframework.web.servlet.ModelAndView org.springframework.boot.autoconfigure.web.BasicErrorController.errorHtml(javax.servlet.http.HttpServletRequest,javax.servlet.http.HttpServletResponse)
2016-08-25 17:18:16 [org.springframework.web.servlet.handler.AbstractUrlHandlerMapping:354] - Mapped URL path [/webjars/**] onto handler of type [class org.springframework.web.servlet.resource.ResourceHttpRequestHandler]
2016-08-25 17:18:16 [org.springframework.web.servlet.handler.AbstractUrlHandlerMapping:354] - Mapped URL path [/**] onto handler of type [class org.springframework.web.servlet.resource.ResourceHttpRequestHandler]
2016-08-25 17:18:16 [org.springframework.web.servlet.handler.AbstractUrlHandlerMapping:354] - Mapped URL path [/**/favicon.ico] onto handler of type [class org.springframework.web.servlet.resource.ResourceHttpRequestHandler]
2016-08-25 17:18:16 [org.springframework.jmx.export.MBeanExporter:431] - Registering beans for JMX exposure on startup
2016-08-25 17:18:16 [org.apache.juli.logging.DirectJDKLog:179] - Initializing ProtocolHandler ["http-nio-8181"]
2016-08-25 17:18:16 [org.apache.juli.logging.DirectJDKLog:179] - Starting ProtocolHandler [http-nio-8181]
2016-08-25 17:18:16 [org.apache.juli.logging.DirectJDKLog:179] - Using a shared selector for servlet write/read
2016-08-25 17:18:17 [org.springframework.boot.context.embedded.tomcat.TomcatEmbeddedServletContainer:186] - Tomcat started on port(s): 8181 (http)
2016-08-25 17:18:17 [org.springframework.boot.StartupInfoLogger:57] - Started BootstrapApplication in 5.626 seconds (JVM running for 6.341)
2016-08-25 17:19:38 [org.apache.juli.logging.DirectJDKLog:179] - Initializing Spring FrameworkServlet 'dispatcherServlet'
2016-08-25 17:19:38 [org.springframework.web.servlet.FrameworkServlet:489] - FrameworkServlet 'dispatcherServlet': initialization started
2016-08-25 17:19:38 [org.springframework.web.servlet.FrameworkServlet:508] - FrameworkServlet 'dispatcherServlet': initialization completed in 19 ms
2016-08-25 17:19:45 [com.mongodb.diagnostics.logging.SLF4JLogger:71] - Opened connection [connectionId{localValue:2, serverValue:595}] to 121.40.144.146:27017
2016-08-25 17:20:02 [colin.app.service.mlife.core.parser.BoLeWebIndexParser:51] - 获取菜单页面信息{}<ul id="main-nav-menu" class="menu">
 <li id="menu-item-81438" class="menu-item menu-item-type-post_type menu-item-object-page current-menu-item page_item page-item-7 current_page_item menu-item-81438"><a href="http://web.jobbole.com/">首页</a></li> 
 <li id="menu-item-81437" class="menu-item menu-item-type-post_type menu-item-object-page menu-item-81437"><a href="http://web.jobbole.com/all-posts/">所有文章</a></li> 
 <li id="menu-item-81439" class="menu-item menu-item-type-taxonomy menu-item-object-category menu-item-81439"><a href="http://web.jobbole.com/category/javascript-2/">JavaScript</a></li> 
 <li id="menu-item-81440" class="menu-item menu-item-type-taxonomy menu-item-object-category menu-item-81440"><a href="http://web.jobbole.com/category/html5/">HTML5</a></li> 
 <li id="menu-item-81441" class="menu-item menu-item-type-taxonomy menu-item-object-category menu-item-81441"><a href="http://web.jobbole.com/category/css/">CSS</a></li> 
 <li id="menu-item-85853" class="menu-item menu-item-type-taxonomy menu-item-object-category menu-item-85853"><a href="http://web.jobbole.com/category/basic-tech/">基础技术</a></li> 
 <li id="menu-item-85849" class="menu-item menu-item-type-taxonomy menu-item-object-category menu-item-85849"><a href="http://web.jobbole.com/category/career/">职场</a></li> 
 <li id="menu-item-81442" class="menu-item menu-item-type-custom menu-item-object-custom menu-item-81442"><a href="http://hao.jobbole.com/category/web-front-end/">工具资源</a></li> 
 <li id="menu-item-87236" class="menu-item menu-item-type-custom menu-item-object-custom menu-item-87236"><a href="http://group.jobbole.com/category/tech/webfront/">前端小组</a></li> 
 <li id="menu-item-81824" class="menu-item menu-item-type-custom menu-item-object-custom menu-item-has-children menu-item-81824"><a href="#">更多频道▼</a> 
  <ul class="sub-menu"> 
   <li id="menu-item-81825" class="menu-item menu-item-type-custom menu-item-object-custom menu-item-81825"><a href="http://ios.jobbole.com">iOS</a></li> 
   <li id="menu-item-81827" class="menu-item menu-item-type-custom menu-item-object-custom menu-item-81827"><a href="http://www.importnew.com">Java</a></li> 
   <li id="menu-item-81828" class="menu-item menu-item-type-custom menu-item-object-custom menu-item-81828"><a href="http://android.jobbole.com">Android</a></li> 
   <li id="menu-item-81829" class="menu-item menu-item-type-custom menu-item-object-custom menu-item-81829"><a href="http://python.jobbole.com">Python</a></li> 
  </ul> </li> 
</ul>
2016-08-25 17:29:41 [org.springframework.boot.StartupInfoLogger:48] - Starting BootstrapApplication on LP-IM-LQ with PID 9952 (G:\opensource\Mlife\target\classes started by Administrator in G:\opensource\Mlife)
2016-08-25 17:29:41 [org.springframework.boot.SpringApplication:659] - No active profile set, falling back to default profiles: default
2016-08-25 17:29:42 [org.springframework.context.support.AbstractApplicationContext:581] - Refreshing org.springframework.boot.context.embedded.AnnotationConfigEmbeddedWebApplicationContext@229e76ae: startup date [Thu Aug 25 17:29:42 CST 2016]; root of context hierarchy
2016-08-25 17:29:42 [org.hibernate.validator.internal.util.Version:30] - HV000001: Hibernate Validator 5.2.4.Final
2016-08-25 17:29:45 [org.springframework.boot.context.embedded.tomcat.TomcatEmbeddedServletContainer:88] - Tomcat initialized with port(s): 8181 (http)
2016-08-25 17:29:45 [org.apache.juli.logging.DirectJDKLog:179] - Starting service Tomcat
2016-08-25 17:29:45 [org.apache.juli.logging.DirectJDKLog:179] - Starting Servlet Engine: Apache Tomcat/8.5.4
2016-08-25 17:29:45 [org.apache.juli.logging.DirectJDKLog:179] - Initializing Spring embedded WebApplicationContext
2016-08-25 17:29:45 [org.springframework.boot.context.embedded.EmbeddedWebApplicationContext:276] - Root WebApplicationContext: initialization completed in 3233 ms
2016-08-25 17:29:45 [org.springframework.boot.web.servlet.ServletRegistrationBean:190] - Mapping servlet: 'dispatcherServlet' to [/]
2016-08-25 17:29:45 [org.springframework.boot.web.servlet.AbstractFilterRegistrationBean:258] - Mapping filter: 'characterEncodingFilter' to: [/*]
2016-08-25 17:29:45 [org.springframework.boot.web.servlet.AbstractFilterRegistrationBean:258] - Mapping filter: 'hiddenHttpMethodFilter' to: [/*]
2016-08-25 17:29:45 [org.springframework.boot.web.servlet.AbstractFilterRegistrationBean:258] - Mapping filter: 'httpPutFormContentFilter' to: [/*]
2016-08-25 17:29:45 [org.springframework.boot.web.servlet.AbstractFilterRegistrationBean:258] - Mapping filter: 'requestContextFilter' to: [/*]
2016-08-25 17:29:45 [com.mongodb.diagnostics.logging.SLF4JLogger:71] - Cluster created with settings {hosts=[121.40.144.146:27017], mode=MULTIPLE, requiredClusterType=UNKNOWN, serverSelectionTimeout='30000 ms', maxWaitQueueSize=500}
2016-08-25 17:29:45 [com.mongodb.diagnostics.logging.SLF4JLogger:71] - Adding discovered server 121.40.144.146:27017 to client view of cluster
2016-08-25 17:29:45 [com.mongodb.diagnostics.logging.SLF4JLogger:71] - Opened connection [connectionId{localValue:1, serverValue:596}] to 121.40.144.146:27017
2016-08-25 17:29:45 [com.mongodb.diagnostics.logging.SLF4JLogger:71] - Monitor thread successfully connected to server with description ServerDescription{address=121.40.144.146:27017, type=STANDALONE, state=CONNECTED, ok=true, version=ServerVersion{versionList=[3, 2, 3]}, minWireVersion=0, maxWireVersion=4, maxDocumentSize=16777216, roundTripTimeNanos=17900437}
2016-08-25 17:29:45 [com.mongodb.diagnostics.logging.SLF4JLogger:71] - Discovered cluster type of STANDALONE
2016-08-25 17:29:46 [org.springframework.web.servlet.mvc.method.annotation.RequestMappingHandlerAdapter:534] - Looking for @ControllerAdvice: org.springframework.boot.context.embedded.AnnotationConfigEmbeddedWebApplicationContext@229e76ae: startup date [Thu Aug 25 17:29:42 CST 2016]; root of context hierarchy
2016-08-25 17:29:46 [org.springframework.web.servlet.handler.AbstractHandlerMethodMapping$MappingRegistry:543] - Mapped "{[/mlife/admin/dashboard],methods=[GET]}" onto public org.springframework.web.servlet.ModelAndView colin.app.service.mlife.controller.DashboardModuleController.showDashboard(javax.servlet.http.HttpSession)
2016-08-25 17:29:46 [org.springframework.web.servlet.handler.AbstractHandlerMethodMapping$MappingRegistry:543] - Mapped "{[/mlife/admin/index],methods=[GET]}" onto public org.springframework.web.servlet.ModelAndView colin.app.service.mlife.controller.DashboardModuleController.showIndex() throws java.lang.Exception
2016-08-25 17:29:46 [org.springframework.web.servlet.handler.AbstractHandlerMethodMapping$MappingRegistry:543] - Mapped "{[/mlife/admin/logout],methods=[GET]}" onto public org.springframework.web.servlet.ModelAndView colin.app.service.mlife.controller.DashboardModuleController.adminLogout(java.lang.String)
2016-08-25 17:29:46 [org.springframework.web.servlet.handler.AbstractHandlerMethodMapping$MappingRegistry:543] - Mapped "{[/error/ie],methods=[GET]}" onto public java.lang.String colin.app.service.mlife.controller.ExceptionModuleController.showError()
2016-08-25 17:29:46 [org.springframework.web.servlet.handler.AbstractHandlerMethodMapping$MappingRegistry:543] - Mapped "{[/mlife/admin/login],methods=[GET]}" onto public java.lang.String colin.app.service.mlife.controller.LoginModuleController.showLogin()
2016-08-25 17:29:46 [org.springframework.web.servlet.handler.AbstractHandlerMethodMapping$MappingRegistry:543] - Mapped "{[/mlife/admin/login],methods=[POST]}" onto public org.springframework.web.servlet.ModelAndView colin.app.service.mlife.controller.LoginModuleController.adminLogin(java.lang.String,java.lang.String,javax.servlet.http.HttpSession)
2016-08-25 17:29:46 [org.springframework.web.servlet.handler.AbstractHandlerMethodMapping$MappingRegistry:543] - Mapped "{[/mlife/admin/web_crawler],methods=[GET]}" onto public org.springframework.web.servlet.ModelAndView colin.app.service.mlife.controller.WebCrawlerController.showWebCrawler()
2016-08-25 17:29:46 [org.springframework.web.servlet.handler.AbstractHandlerMethodMapping$MappingRegistry:543] - Mapped "{[/mlife/admin/list_web_crawler],methods=[GET]}" onto public java.lang.Object colin.app.service.mlife.controller.WebCrawlerController.listCrawlerUrlInfo(int,int)
2016-08-25 17:29:46 [org.springframework.web.servlet.handler.AbstractHandlerMethodMapping$MappingRegistry:543] - Mapped "{[/mlife/admin/add_crawler_url],methods=[PUT],produces=[application/json;charset=UTF-8]}" onto public java.lang.Object colin.app.service.mlife.controller.WebCrawlerController.addCrawlerUrlInfo(colin.app.service.mlife.controller.wrapper.CrawlerUrlWrapper)
2016-08-25 17:29:46 [org.springframework.web.servlet.handler.AbstractHandlerMethodMapping$MappingRegistry:543] - Mapped "{[/error]}" onto public org.springframework.http.ResponseEntity<java.util.Map<java.lang.String, java.lang.Object>> org.springframework.boot.autoconfigure.web.BasicErrorController.error(javax.servlet.http.HttpServletRequest)
2016-08-25 17:29:46 [org.springframework.web.servlet.handler.AbstractHandlerMethodMapping$MappingRegistry:543] - Mapped "{[/error],produces=[text/html]}" onto public org.springframework.web.servlet.ModelAndView org.springframework.boot.autoconfigure.web.BasicErrorController.errorHtml(javax.servlet.http.HttpServletRequest,javax.servlet.http.HttpServletResponse)
2016-08-25 17:29:46 [org.springframework.web.servlet.handler.AbstractUrlHandlerMapping:354] - Mapped URL path [/webjars/**] onto handler of type [class org.springframework.web.servlet.resource.ResourceHttpRequestHandler]
2016-08-25 17:29:46 [org.springframework.web.servlet.handler.AbstractUrlHandlerMapping:354] - Mapped URL path [/**] onto handler of type [class org.springframework.web.servlet.resource.ResourceHttpRequestHandler]
2016-08-25 17:29:46 [org.springframework.web.servlet.handler.AbstractUrlHandlerMapping:354] - Mapped URL path [/**/favicon.ico] onto handler of type [class org.springframework.web.servlet.resource.ResourceHttpRequestHandler]
2016-08-25 17:29:46 [org.springframework.jmx.export.MBeanExporter:431] - Registering beans for JMX exposure on startup
2016-08-25 17:29:46 [org.apache.juli.logging.DirectJDKLog:179] - Initializing ProtocolHandler ["http-nio-8181"]
2016-08-25 17:29:46 [org.apache.juli.logging.DirectJDKLog:179] - Starting ProtocolHandler [http-nio-8181]
2016-08-25 17:29:46 [org.apache.juli.logging.DirectJDKLog:179] - Using a shared selector for servlet write/read
2016-08-25 17:29:46 [org.springframework.boot.context.embedded.tomcat.TomcatEmbeddedServletContainer:186] - Tomcat started on port(s): 8181 (http)
2016-08-25 17:29:46 [org.springframework.boot.StartupInfoLogger:57] - Started BootstrapApplication in 5.509 seconds (JVM running for 6.141)
2016-08-25 17:34:35 [org.apache.juli.logging.DirectJDKLog:179] - Initializing Spring FrameworkServlet 'dispatcherServlet'
2016-08-25 17:34:35 [org.springframework.web.servlet.FrameworkServlet:489] - FrameworkServlet 'dispatcherServlet': initialization started
2016-08-25 17:34:35 [org.springframework.web.servlet.FrameworkServlet:508] - FrameworkServlet 'dispatcherServlet': initialization completed in 50 ms
2016-08-25 17:34:37 [com.mongodb.diagnostics.logging.SLF4JLogger:71] - Opened connection [connectionId{localValue:2, serverValue:597}] to 121.40.144.146:27017
2016-08-25 17:34:48 [colin.app.service.mlife.core.parser.BoLeWebIndexParser:51] - 获取菜单页面信息{}<ul id="main-nav-menu" class="menu">
 <li id="menu-item-81438" class="menu-item menu-item-type-post_type menu-item-object-page current-menu-item page_item page-item-7 current_page_item menu-item-81438"><a href="http://web.jobbole.com/">首页</a></li> 
 <li id="menu-item-81437" class="menu-item menu-item-type-post_type menu-item-object-page menu-item-81437"><a href="http://web.jobbole.com/all-posts/">所有文章</a></li> 
 <li id="menu-item-81439" class="menu-item menu-item-type-taxonomy menu-item-object-category menu-item-81439"><a href="http://web.jobbole.com/category/javascript-2/">JavaScript</a></li> 
 <li id="menu-item-81440" class="menu-item menu-item-type-taxonomy menu-item-object-category menu-item-81440"><a href="http://web.jobbole.com/category/html5/">HTML5</a></li> 
 <li id="menu-item-81441" class="menu-item menu-item-type-taxonomy menu-item-object-category menu-item-81441"><a href="http://web.jobbole.com/category/css/">CSS</a></li> 
 <li id="menu-item-85853" class="menu-item menu-item-type-taxonomy menu-item-object-category menu-item-85853"><a href="http://web.jobbole.com/category/basic-tech/">基础技术</a></li> 
 <li id="menu-item-85849" class="menu-item menu-item-type-taxonomy menu-item-object-category menu-item-85849"><a href="http://web.jobbole.com/category/career/">职场</a></li> 
 <li id="menu-item-81442" class="menu-item menu-item-type-custom menu-item-object-custom menu-item-81442"><a href="http://hao.jobbole.com/category/web-front-end/">工具资源</a></li> 
 <li id="menu-item-87236" class="menu-item menu-item-type-custom menu-item-object-custom menu-item-87236"><a href="http://group.jobbole.com/category/tech/webfront/">前端小组</a></li> 
 <li id="menu-item-81824" class="menu-item menu-item-type-custom menu-item-object-custom menu-item-has-children menu-item-81824"><a href="#">更多频道▼</a> 
  <ul class="sub-menu"> 
   <li id="menu-item-81825" class="menu-item menu-item-type-custom menu-item-object-custom menu-item-81825"><a href="http://ios.jobbole.com">iOS</a></li> 
   <li id="menu-item-81827" class="menu-item menu-item-type-custom menu-item-object-custom menu-item-81827"><a href="http://www.importnew.com">Java</a></li> 
   <li id="menu-item-81828" class="menu-item menu-item-type-custom menu-item-object-custom menu-item-81828"><a href="http://android.jobbole.com">Android</a></li> 
   <li id="menu-item-81829" class="menu-item menu-item-type-custom menu-item-object-custom menu-item-81829"><a href="http://python.jobbole.com">Python</a></li> 
  </ul> </li> 
</ul>
2016-08-25 17:34:48 [colin.app.service.mlife.core.parser.BoLeWebIndexParser:63] - 获取combineCrawlerAticleList页面信息{}<li id="menu-item-81438" class="menu-item menu-item-type-post_type menu-item-object-page current-menu-item page_item page-item-7 current_page_item menu-item-81438"><a href="http://web.jobbole.com/">首页</a></li>
