2016-09-23 18:03:07 [org.springframework.boot.StartupInfoLogger:48] - Starting BootstrapApplication on LP-IM-LQ with PID 12504 (G:\opensource\Mlife\target\classes started by Administrator in G:\opensource\Mlife)
2016-09-23 18:03:07 [org.springframework.boot.SpringApplication:659] - No active profile set, falling back to default profiles: default
2016-09-23 18:03:07 [org.springframework.context.support.AbstractApplicationContext:581] - Refreshing org.springframework.boot.context.embedded.AnnotationConfigEmbeddedWebApplicationContext@552d4a00: startup date [Fri Sep 23 18:03:07 CST 2016]; root of context hierarchy
2016-09-23 18:03:07 [org.hibernate.validator.internal.util.Version:30] - HV000001: Hibernate Validator 5.2.4.Final
2016-09-23 18:03:10 [org.springframework.boot.context.embedded.tomcat.TomcatEmbeddedServletContainer:88] - Tomcat initialized with port(s): 8181 (http)
2016-09-23 18:03:10 [org.apache.juli.logging.DirectJDKLog:179] - Starting service Tomcat
2016-09-23 18:03:10 [org.apache.juli.logging.DirectJDKLog:179] - Starting Servlet Engine: Apache Tomcat/8.5.4
2016-09-23 18:03:10 [org.apache.juli.logging.DirectJDKLog:179] - Initializing Spring embedded WebApplicationContext
2016-09-23 18:03:10 [org.springframework.boot.context.embedded.EmbeddedWebApplicationContext:276] - Root WebApplicationContext: initialization completed in 3101 ms
2016-09-23 18:03:10 [org.springframework.boot.web.servlet.ServletRegistrationBean:190] - Mapping servlet: 'dispatcherServlet' to [/]
2016-09-23 18:03:10 [org.springframework.boot.web.servlet.AbstractFilterRegistrationBean:258] - Mapping filter: 'characterEncodingFilter' to: [/*]
2016-09-23 18:03:10 [org.springframework.boot.web.servlet.AbstractFilterRegistrationBean:258] - Mapping filter: 'hiddenHttpMethodFilter' to: [/*]
2016-09-23 18:03:10 [org.springframework.boot.web.servlet.AbstractFilterRegistrationBean:258] - Mapping filter: 'httpPutFormContentFilter' to: [/*]
2016-09-23 18:03:10 [org.springframework.boot.web.servlet.AbstractFilterRegistrationBean:258] - Mapping filter: 'requestContextFilter' to: [/*]
2016-09-23 18:03:11 [com.mongodb.diagnostics.logging.SLF4JLogger:71] - Cluster created with settings {hosts=[121.40.144.146:27017], mode=MULTIPLE, requiredClusterType=UNKNOWN, serverSelectionTimeout='30000 ms', maxWaitQueueSize=500}
2016-09-23 18:03:11 [com.mongodb.diagnostics.logging.SLF4JLogger:71] - Adding discovered server 121.40.144.146:27017 to client view of cluster
2016-09-23 18:03:11 [com.mongodb.diagnostics.logging.SLF4JLogger:71] - Opened connection [connectionId{localValue:1, serverValue:2227}] to 121.40.144.146:27017
2016-09-23 18:03:11 [com.mongodb.diagnostics.logging.SLF4JLogger:71] - Monitor thread successfully connected to server with description ServerDescription{address=121.40.144.146:27017, type=STANDALONE, state=CONNECTED, ok=true, version=ServerVersion{versionList=[3, 2, 3]}, minWireVersion=0, maxWireVersion=4, maxDocumentSize=16777216, roundTripTimeNanos=6779094}
2016-09-23 18:03:11 [com.mongodb.diagnostics.logging.SLF4JLogger:71] - Discovered cluster type of STANDALONE
2016-09-23 18:03:11 [colin.app.service.mlife.config.MinaChatServerConfig:53] - 啟動mina
2016-09-23 18:03:11 [org.springframework.scheduling.concurrent.ExecutorConfigurationSupport:165] - Initializing ExecutorService  'defaultSockJsTaskScheduler'
2016-09-23 18:03:11 [org.springframework.web.servlet.handler.AbstractUrlHandlerMapping:354] - Mapped URL path [/ws/chat/**] onto handler of type [class org.springframework.web.socket.sockjs.support.SockJsHttpRequestHandler]
2016-09-23 18:03:12 [org.springframework.web.servlet.mvc.method.annotation.RequestMappingHandlerAdapter:534] - Looking for @ControllerAdvice: org.springframework.boot.context.embedded.AnnotationConfigEmbeddedWebApplicationContext@552d4a00: startup date [Fri Sep 23 18:03:07 CST 2016]; root of context hierarchy
2016-09-23 18:03:12 [org.springframework.web.servlet.handler.AbstractHandlerMethodMapping$MappingRegistry:543] - Mapped "{[/mlife/admin/chat],methods=[GET]}" onto public org.springframework.web.servlet.ModelAndView colin.app.service.mlife.controller.ChatModuleController.showChatPage()
2016-09-23 18:03:12 [org.springframework.web.servlet.handler.AbstractHandlerMethodMapping$MappingRegistry:543] - Mapped "{[/mlife/admin/dashboard],methods=[GET]}" onto public org.springframework.web.servlet.ModelAndView colin.app.service.mlife.controller.DashboardModuleController.showDashboard(javax.servlet.http.HttpSession)
2016-09-23 18:03:12 [org.springframework.web.servlet.handler.AbstractHandlerMethodMapping$MappingRegistry:543] - Mapped "{[/mlife/admin/main],methods=[GET]}" onto public org.springframework.web.servlet.ModelAndView colin.app.service.mlife.controller.DashboardModuleController.showIndex() throws java.lang.Exception
2016-09-23 18:03:12 [org.springframework.web.servlet.handler.AbstractHandlerMethodMapping$MappingRegistry:543] - Mapped "{[/mlife/admin/admin_avatar],methods=[GET]}" onto public org.springframework.web.servlet.ModelAndView colin.app.service.mlife.controller.DashboardModuleController.showAvatar()
2016-09-23 18:03:12 [org.springframework.web.servlet.handler.AbstractHandlerMethodMapping$MappingRegistry:543] - Mapped "{[/mlife/admin/admin_profile],methods=[GET]}" onto public org.springframework.web.servlet.ModelAndView colin.app.service.mlife.controller.DashboardModuleController.showProfile()
2016-09-23 18:03:12 [org.springframework.web.servlet.handler.AbstractHandlerMethodMapping$MappingRegistry:543] - Mapped "{[/mlife/admin/admin_contacts],methods=[GET]}" onto public org.springframework.web.servlet.ModelAndView colin.app.service.mlife.controller.DashboardModuleController.showContacts()
2016-09-23 18:03:12 [org.springframework.web.servlet.handler.AbstractHandlerMethodMapping$MappingRegistry:543] - Mapped "{[/mlife/admin/admin_mailbox],methods=[GET]}" onto public org.springframework.web.servlet.ModelAndView colin.app.service.mlife.controller.DashboardModuleController.showMailbox()
2016-09-23 18:03:12 [org.springframework.web.servlet.handler.AbstractHandlerMethodMapping$MappingRegistry:543] - Mapped "{[/mlife/admin/logout],methods=[GET]}" onto public org.springframework.web.servlet.ModelAndView colin.app.service.mlife.controller.DashboardModuleController.adminLogout(java.lang.String)
2016-09-23 18:03:12 [org.springframework.web.servlet.handler.AbstractHandlerMethodMapping$MappingRegistry:543] - Mapped "{[/error/ie],methods=[GET]}" onto public java.lang.String colin.app.service.mlife.controller.ExceptionModuleController.showError()
2016-09-23 18:03:12 [org.springframework.web.servlet.handler.AbstractHandlerMethodMapping$MappingRegistry:543] - Mapped "{[/mlife/admin/web_forum],methods=[GET]}" onto public org.springframework.web.servlet.ModelAndView colin.app.service.mlife.controller.ForumModuleController.showForum()
2016-09-23 18:03:12 [org.springframework.web.servlet.handler.AbstractHandlerMethodMapping$MappingRegistry:543] - Mapped "{[/mlife/admin/add_forum],methods=[POST],produces=[application/json;charset=UTF-8]}" onto public java.lang.Object colin.app.service.mlife.controller.ForumModuleController.addForum(colin.app.service.mlife.controller.wrapper.ForumWrapper)
2016-09-23 18:03:12 [org.springframework.web.servlet.handler.AbstractHandlerMethodMapping$MappingRegistry:543] - Mapped "{[/mlife/admin/list_web_forum],methods=[POST]}" onto public java.lang.Object colin.app.service.mlife.controller.ForumModuleController.listAllForum(int,int)
2016-09-23 18:03:12 [org.springframework.web.servlet.handler.AbstractHandlerMethodMapping$MappingRegistry:543] - Mapped "{[/mlife/admin/find_all_forum],methods=[POST]}" onto public java.lang.Object colin.app.service.mlife.controller.ForumModuleController.getAllForum()
2016-09-23 18:03:12 [org.springframework.web.servlet.handler.AbstractHandlerMethodMapping$MappingRegistry:543] - Mapped "{[/mlife/admin/web_forum_theme],methods=[GET]}" onto public org.springframework.web.servlet.ModelAndView colin.app.service.mlife.controller.ForumModuleController.showForumTheme()
2016-09-23 18:03:12 [org.springframework.web.servlet.handler.AbstractHandlerMethodMapping$MappingRegistry:543] - Mapped "{[/mlife/admin/web_forum_topic],methods=[GET]}" onto public org.springframework.web.servlet.ModelAndView colin.app.service.mlife.controller.ForumModuleController.showForumTopic()
2016-09-23 18:03:12 [org.springframework.web.servlet.handler.AbstractHandlerMethodMapping$MappingRegistry:543] - Mapped "{[/],methods=[GET]}" onto public org.springframework.web.context.request.async.WebAsyncTask<org.springframework.web.servlet.ModelAndView> colin.app.service.mlife.controller.IndexModuleController.showMlifePage()
2016-09-23 18:03:12 [org.springframework.web.servlet.handler.AbstractHandlerMethodMapping$MappingRegistry:543] - Mapped "{[/weichat],methods=[GET]}" onto public org.springframework.web.context.request.async.WebAsyncTask<java.lang.Object> colin.app.service.mlife.controller.IndexModuleController.weiChatValidate(java.lang.String,java.lang.String,java.lang.String,java.lang.String)
2016-09-23 18:03:12 [org.springframework.web.servlet.handler.AbstractHandlerMethodMapping$MappingRegistry:543] - Mapped "{[/mlife/admin/login],methods=[POST]}" onto public org.springframework.web.servlet.ModelAndView colin.app.service.mlife.controller.LoginModuleController.adminLogin(java.lang.String,java.lang.String,javax.servlet.http.HttpSession)
2016-09-23 18:03:12 [org.springframework.web.servlet.handler.AbstractHandlerMethodMapping$MappingRegistry:543] - Mapped "{[/mlife/admin/login],methods=[GET]}" onto public java.lang.String colin.app.service.mlife.controller.LoginModuleController.showLogin()
2016-09-23 18:03:12 [org.springframework.web.servlet.handler.AbstractHandlerMethodMapping$MappingRegistry:543] - Mapped "{[/mlife/admin/crawler_aticle],methods=[GET]}" onto public org.springframework.web.servlet.ModelAndView colin.app.service.mlife.controller.WebCrawlerAticleModuleController.showCrawlerAticlePage()
2016-09-23 18:03:12 [org.springframework.web.servlet.handler.AbstractHandlerMethodMapping$MappingRegistry:543] - Mapped "{[/mlife/admin/crawler_aticle_detail],methods=[GET]}" onto public org.springframework.web.servlet.ModelAndView colin.app.service.mlife.controller.WebCrawlerAticleModuleController.showCrawlerAtcileDetailPage(java.lang.String)
2016-09-23 18:03:12 [org.springframework.web.servlet.handler.AbstractHandlerMethodMapping$MappingRegistry:543] - Mapped "{[/mlife/admin/crawler_aticle_list],methods=[POST]}" onto public org.springframework.web.servlet.ModelAndView colin.app.service.mlife.controller.WebCrawlerAticleModuleController.showCrawlerAticleDigestList(int,int)
2016-09-23 18:03:12 [org.springframework.web.servlet.handler.AbstractHandlerMethodMapping$MappingRegistry:543] - Mapped "{[/mlife/admin/web_crawler],methods=[GET]}" onto public org.springframework.web.servlet.ModelAndView colin.app.service.mlife.controller.WebCrawlerController.showWebCrawler()
2016-09-23 18:03:12 [org.springframework.web.servlet.handler.AbstractHandlerMethodMapping$MappingRegistry:543] - Mapped "{[/mlife/admin/list_web_crawler],methods=[POST]}" onto public java.lang.Object colin.app.service.mlife.controller.WebCrawlerController.listCrawlerUrlInfo(int,int)
2016-09-23 18:03:12 [org.springframework.web.servlet.handler.AbstractHandlerMethodMapping$MappingRegistry:543] - Mapped "{[/mlife/admin/add_crawler_url],methods=[PUT],produces=[application/json;charset=UTF-8]}" onto public java.lang.Object colin.app.service.mlife.controller.WebCrawlerController.addCrawlerUrlInfo(colin.app.service.mlife.controller.wrapper.CrawlerUrlWrapper)
2016-09-23 18:03:12 [org.springframework.web.servlet.handler.AbstractHandlerMethodMapping$MappingRegistry:543] - Mapped "{[/mlife/admin/web_parser],methods=[GET]}" onto public org.springframework.web.servlet.ModelAndView colin.app.service.mlife.controller.WebCrawlerParserModuleController.showWebCrawlerParserPage()
2016-09-23 18:03:12 [org.springframework.web.servlet.handler.AbstractHandlerMethodMapping$MappingRegistry:543] - Mapped "{[/error]}" onto public org.springframework.http.ResponseEntity<java.util.Map<java.lang.String, java.lang.Object>> org.springframework.boot.autoconfigure.web.BasicErrorController.error(javax.servlet.http.HttpServletRequest)
2016-09-23 18:03:12 [org.springframework.web.servlet.handler.AbstractHandlerMethodMapping$MappingRegistry:543] - Mapped "{[/error],produces=[text/html]}" onto public org.springframework.web.servlet.ModelAndView org.springframework.boot.autoconfigure.web.BasicErrorController.errorHtml(javax.servlet.http.HttpServletRequest,javax.servlet.http.HttpServletResponse)
2016-09-23 18:03:12 [org.springframework.web.servlet.handler.AbstractUrlHandlerMapping:354] - Mapped URL path [/webjars/**] onto handler of type [class org.springframework.web.servlet.resource.ResourceHttpRequestHandler]
2016-09-23 18:03:12 [org.springframework.web.servlet.handler.AbstractUrlHandlerMapping:354] - Mapped URL path [/**] onto handler of type [class org.springframework.web.servlet.resource.ResourceHttpRequestHandler]
2016-09-23 18:03:12 [org.springframework.web.servlet.handler.AbstractUrlHandlerMapping:354] - Mapped URL path [/**/favicon.ico] onto handler of type [class org.springframework.web.servlet.resource.ResourceHttpRequestHandler]
2016-09-23 18:03:12 [org.springframework.jmx.export.MBeanExporter:431] - Registering beans for JMX exposure on startup
2016-09-23 18:03:12 [org.springframework.context.support.DefaultLifecycleProcessor$LifecycleGroup:341] - Starting beans in phase 2147483647
2016-09-23 18:03:12 [org.apache.juli.logging.DirectJDKLog:179] - Initializing ProtocolHandler ["http-nio-8181"]
2016-09-23 18:03:12 [org.apache.juli.logging.DirectJDKLog:179] - Starting ProtocolHandler [http-nio-8181]
2016-09-23 18:03:12 [org.apache.juli.logging.DirectJDKLog:179] - Using a shared selector for servlet write/read
2016-09-23 18:03:12 [org.springframework.boot.context.embedded.tomcat.TomcatEmbeddedServletContainer:186] - Tomcat started on port(s): 8181 (http)
2016-09-23 18:03:12 [org.springframework.boot.StartupInfoLogger:57] - Started BootstrapApplication in 6.296 seconds (JVM running for 7.011)
2016-09-23 18:03:24 [org.apache.juli.logging.DirectJDKLog:179] - Initializing Spring FrameworkServlet 'dispatcherServlet'
2016-09-23 18:03:24 [org.springframework.web.servlet.FrameworkServlet:489] - FrameworkServlet 'dispatcherServlet': initialization started
2016-09-23 18:03:24 [org.springframework.web.servlet.FrameworkServlet:508] - FrameworkServlet 'dispatcherServlet': initialization completed in 28 ms
2016-09-23 18:03:26 [com.mongodb.diagnostics.logging.SLF4JLogger:71] - Opened connection [connectionId{localValue:2, serverValue:2228}] to 121.40.144.146:27017
2016-09-23 18:05:14 [org.springframework.boot.StartupInfoLogger:48] - Starting BootstrapApplication on LP-IM-LQ with PID 8672 (G:\opensource\Mlife\target\classes started by Administrator in G:\opensource\Mlife)
2016-09-23 18:05:14 [org.springframework.boot.SpringApplication:659] - No active profile set, falling back to default profiles: default
2016-09-23 18:05:15 [org.springframework.context.support.AbstractApplicationContext:581] - Refreshing org.springframework.boot.context.embedded.AnnotationConfigEmbeddedWebApplicationContext@7da07162: startup date [Fri Sep 23 18:05:15 CST 2016]; root of context hierarchy
2016-09-23 18:05:15 [org.hibernate.validator.internal.util.Version:30] - HV000001: Hibernate Validator 5.2.4.Final
2016-09-23 18:05:18 [org.springframework.boot.context.embedded.tomcat.TomcatEmbeddedServletContainer:88] - Tomcat initialized with port(s): 8181 (http)
2016-09-23 18:05:18 [org.apache.juli.logging.DirectJDKLog:179] - Starting service Tomcat
2016-09-23 18:05:18 [org.apache.juli.logging.DirectJDKLog:179] - Starting Servlet Engine: Apache Tomcat/8.5.4
2016-09-23 18:05:18 [org.apache.juli.logging.DirectJDKLog:179] - Initializing Spring embedded WebApplicationContext
2016-09-23 18:05:18 [org.springframework.boot.context.embedded.EmbeddedWebApplicationContext:276] - Root WebApplicationContext: initialization completed in 3215 ms
2016-09-23 18:05:18 [org.springframework.boot.web.servlet.ServletRegistrationBean:190] - Mapping servlet: 'dispatcherServlet' to [/]
2016-09-23 18:05:18 [org.springframework.boot.web.servlet.AbstractFilterRegistrationBean:258] - Mapping filter: 'characterEncodingFilter' to: [/*]
2016-09-23 18:05:18 [org.springframework.boot.web.servlet.AbstractFilterRegistrationBean:258] - Mapping filter: 'hiddenHttpMethodFilter' to: [/*]
2016-09-23 18:05:18 [org.springframework.boot.web.servlet.AbstractFilterRegistrationBean:258] - Mapping filter: 'httpPutFormContentFilter' to: [/*]
2016-09-23 18:05:18 [org.springframework.boot.web.servlet.AbstractFilterRegistrationBean:258] - Mapping filter: 'requestContextFilter' to: [/*]
2016-09-23 18:05:18 [com.mongodb.diagnostics.logging.SLF4JLogger:71] - Cluster created with settings {hosts=[121.40.144.146:27017], mode=MULTIPLE, requiredClusterType=UNKNOWN, serverSelectionTimeout='30000 ms', maxWaitQueueSize=500}
2016-09-23 18:05:18 [com.mongodb.diagnostics.logging.SLF4JLogger:71] - Adding discovered server 121.40.144.146:27017 to client view of cluster
2016-09-23 18:05:18 [com.mongodb.diagnostics.logging.SLF4JLogger:71] - Opened connection [connectionId{localValue:1, serverValue:2229}] to 121.40.144.146:27017
2016-09-23 18:05:18 [com.mongodb.diagnostics.logging.SLF4JLogger:71] - Monitor thread successfully connected to server with description ServerDescription{address=121.40.144.146:27017, type=STANDALONE, state=CONNECTED, ok=true, version=ServerVersion{versionList=[3, 2, 3]}, minWireVersion=0, maxWireVersion=4, maxDocumentSize=16777216, roundTripTimeNanos=5154313}
2016-09-23 18:05:18 [com.mongodb.diagnostics.logging.SLF4JLogger:71] - Discovered cluster type of STANDALONE
2016-09-23 18:05:19 [colin.app.service.mlife.config.MinaChatServerConfig:53] - 啟動mina
2016-09-23 18:05:19 [org.springframework.scheduling.concurrent.ExecutorConfigurationSupport:165] - Initializing ExecutorService  'defaultSockJsTaskScheduler'
2016-09-23 18:05:19 [org.springframework.web.servlet.handler.AbstractUrlHandlerMapping:354] - Mapped URL path [/ws/chat/**] onto handler of type [class org.springframework.web.socket.sockjs.support.SockJsHttpRequestHandler]
2016-09-23 18:05:19 [org.springframework.web.servlet.mvc.method.annotation.RequestMappingHandlerAdapter:534] - Looking for @ControllerAdvice: org.springframework.boot.context.embedded.AnnotationConfigEmbeddedWebApplicationContext@7da07162: startup date [Fri Sep 23 18:05:15 CST 2016]; root of context hierarchy
2016-09-23 18:05:19 [org.springframework.web.servlet.handler.AbstractHandlerMethodMapping$MappingRegistry:543] - Mapped "{[/mlife/admin/chat],methods=[GET]}" onto public org.springframework.web.servlet.ModelAndView colin.app.service.mlife.controller.ChatModuleController.showChatPage()
2016-09-23 18:05:19 [org.springframework.web.servlet.handler.AbstractHandlerMethodMapping$MappingRegistry:543] - Mapped "{[/mlife/admin/dashboard],methods=[GET]}" onto public org.springframework.web.servlet.ModelAndView colin.app.service.mlife.controller.DashboardModuleController.showDashboard(javax.servlet.http.HttpSession)
2016-09-23 18:05:19 [org.springframework.web.servlet.handler.AbstractHandlerMethodMapping$MappingRegistry:543] - Mapped "{[/mlife/admin/main],methods=[GET]}" onto public org.springframework.web.servlet.ModelAndView colin.app.service.mlife.controller.DashboardModuleController.showIndex() throws java.lang.Exception
2016-09-23 18:05:19 [org.springframework.web.servlet.handler.AbstractHandlerMethodMapping$MappingRegistry:543] - Mapped "{[/mlife/admin/admin_avatar],methods=[GET]}" onto public org.springframework.web.servlet.ModelAndView colin.app.service.mlife.controller.DashboardModuleController.showAvatar()
2016-09-23 18:05:19 [org.springframework.web.servlet.handler.AbstractHandlerMethodMapping$MappingRegistry:543] - Mapped "{[/mlife/admin/admin_profile],methods=[GET]}" onto public org.springframework.web.servlet.ModelAndView colin.app.service.mlife.controller.DashboardModuleController.showProfile()
2016-09-23 18:05:19 [org.springframework.web.servlet.handler.AbstractHandlerMethodMapping$MappingRegistry:543] - Mapped "{[/mlife/admin/admin_contacts],methods=[GET]}" onto public org.springframework.web.servlet.ModelAndView colin.app.service.mlife.controller.DashboardModuleController.showContacts()
2016-09-23 18:05:19 [org.springframework.web.servlet.handler.AbstractHandlerMethodMapping$MappingRegistry:543] - Mapped "{[/mlife/admin/admin_mailbox],methods=[GET]}" onto public org.springframework.web.servlet.ModelAndView colin.app.service.mlife.controller.DashboardModuleController.showMailbox()
2016-09-23 18:05:19 [org.springframework.web.servlet.handler.AbstractHandlerMethodMapping$MappingRegistry:543] - Mapped "{[/mlife/admin/logout],methods=[GET]}" onto public org.springframework.web.servlet.ModelAndView colin.app.service.mlife.controller.DashboardModuleController.adminLogout(java.lang.String)
2016-09-23 18:05:19 [org.springframework.web.servlet.handler.AbstractHandlerMethodMapping$MappingRegistry:543] - Mapped "{[/error/ie],methods=[GET]}" onto public java.lang.String colin.app.service.mlife.controller.ExceptionModuleController.showError()
2016-09-23 18:05:19 [org.springframework.web.servlet.handler.AbstractHandlerMethodMapping$MappingRegistry:543] - Mapped "{[/mlife/admin/web_forum],methods=[GET]}" onto public org.springframework.web.servlet.ModelAndView colin.app.service.mlife.controller.ForumModuleController.showForum()
2016-09-23 18:05:19 [org.springframework.web.servlet.handler.AbstractHandlerMethodMapping$MappingRegistry:543] - Mapped "{[/mlife/admin/add_forum],methods=[POST],produces=[application/json;charset=UTF-8]}" onto public java.lang.Object colin.app.service.mlife.controller.ForumModuleController.addForum(colin.app.service.mlife.controller.wrapper.ForumWrapper)
2016-09-23 18:05:19 [org.springframework.web.servlet.handler.AbstractHandlerMethodMapping$MappingRegistry:543] - Mapped "{[/mlife/admin/list_web_forum],methods=[POST]}" onto public java.lang.Object colin.app.service.mlife.controller.ForumModuleController.listAllForum(int,int)
2016-09-23 18:05:19 [org.springframework.web.servlet.handler.AbstractHandlerMethodMapping$MappingRegistry:543] - Mapped "{[/mlife/admin/find_all_forum],methods=[POST]}" onto public java.lang.Object colin.app.service.mlife.controller.ForumModuleController.getAllForum()
2016-09-23 18:05:19 [org.springframework.web.servlet.handler.AbstractHandlerMethodMapping$MappingRegistry:543] - Mapped "{[/mlife/admin/web_forum_theme],methods=[GET]}" onto public org.springframework.web.servlet.ModelAndView colin.app.service.mlife.controller.ForumModuleController.showForumTheme()
2016-09-23 18:05:19 [org.springframework.web.servlet.handler.AbstractHandlerMethodMapping$MappingRegistry:543] - Mapped "{[/mlife/admin/web_forum_topic],methods=[GET]}" onto public org.springframework.web.servlet.ModelAndView colin.app.service.mlife.controller.ForumModuleController.showForumTopic()
2016-09-23 18:05:19 [org.springframework.web.servlet.handler.AbstractHandlerMethodMapping$MappingRegistry:543] - Mapped "{[/],methods=[GET]}" onto public org.springframework.web.context.request.async.WebAsyncTask<org.springframework.web.servlet.ModelAndView> colin.app.service.mlife.controller.IndexModuleController.showMlifePage()
2016-09-23 18:05:19 [org.springframework.web.servlet.handler.AbstractHandlerMethodMapping$MappingRegistry:543] - Mapped "{[/weichat],methods=[GET]}" onto public org.springframework.web.context.request.async.WebAsyncTask<java.lang.Object> colin.app.service.mlife.controller.IndexModuleController.weiChatValidate(java.lang.String,java.lang.String,java.lang.String,java.lang.String)
2016-09-23 18:05:19 [org.springframework.web.servlet.handler.AbstractHandlerMethodMapping$MappingRegistry:543] - Mapped "{[/mlife/admin/login],methods=[POST]}" onto public org.springframework.web.servlet.ModelAndView colin.app.service.mlife.controller.LoginModuleController.adminLogin(java.lang.String,java.lang.String,javax.servlet.http.HttpSession)
2016-09-23 18:05:19 [org.springframework.web.servlet.handler.AbstractHandlerMethodMapping$MappingRegistry:543] - Mapped "{[/mlife/admin/login],methods=[GET]}" onto public java.lang.String colin.app.service.mlife.controller.LoginModuleController.showLogin()
2016-09-23 18:05:19 [org.springframework.web.servlet.handler.AbstractHandlerMethodMapping$MappingRegistry:543] - Mapped "{[/mlife/admin/crawler_aticle],methods=[GET]}" onto public org.springframework.web.servlet.ModelAndView colin.app.service.mlife.controller.WebCrawlerAticleModuleController.showCrawlerAticlePage()
2016-09-23 18:05:19 [org.springframework.web.servlet.handler.AbstractHandlerMethodMapping$MappingRegistry:543] - Mapped "{[/mlife/admin/crawler_aticle_detail],methods=[GET]}" onto public org.springframework.web.servlet.ModelAndView colin.app.service.mlife.controller.WebCrawlerAticleModuleController.showCrawlerAtcileDetailPage(java.lang.String)
2016-09-23 18:05:19 [org.springframework.web.servlet.handler.AbstractHandlerMethodMapping$MappingRegistry:543] - Mapped "{[/mlife/admin/crawler_aticle_list],methods=[POST]}" onto public org.springframework.web.servlet.ModelAndView colin.app.service.mlife.controller.WebCrawlerAticleModuleController.showCrawlerAticleDigestList(int,int)
2016-09-23 18:05:19 [org.springframework.web.servlet.handler.AbstractHandlerMethodMapping$MappingRegistry:543] - Mapped "{[/mlife/admin/web_crawler],methods=[GET]}" onto public org.springframework.web.servlet.ModelAndView colin.app.service.mlife.controller.WebCrawlerController.showWebCrawler()
2016-09-23 18:05:19 [org.springframework.web.servlet.handler.AbstractHandlerMethodMapping$MappingRegistry:543] - Mapped "{[/mlife/admin/list_web_crawler],methods=[POST]}" onto public java.lang.Object colin.app.service.mlife.controller.WebCrawlerController.listCrawlerUrlInfo(int,int)
2016-09-23 18:05:19 [org.springframework.web.servlet.handler.AbstractHandlerMethodMapping$MappingRegistry:543] - Mapped "{[/mlife/admin/add_crawler_url],methods=[PUT],produces=[application/json;charset=UTF-8]}" onto public java.lang.Object colin.app.service.mlife.controller.WebCrawlerController.addCrawlerUrlInfo(colin.app.service.mlife.controller.wrapper.CrawlerUrlWrapper)
2016-09-23 18:05:19 [org.springframework.web.servlet.handler.AbstractHandlerMethodMapping$MappingRegistry:543] - Mapped "{[/mlife/admin/web_parser],methods=[GET]}" onto public org.springframework.web.servlet.ModelAndView colin.app.service.mlife.controller.WebCrawlerParserModuleController.showWebCrawlerParserPage()
2016-09-23 18:05:19 [org.springframework.web.servlet.handler.AbstractHandlerMethodMapping$MappingRegistry:543] - Mapped "{[/error]}" onto public org.springframework.http.ResponseEntity<java.util.Map<java.lang.String, java.lang.Object>> org.springframework.boot.autoconfigure.web.BasicErrorController.error(javax.servlet.http.HttpServletRequest)
2016-09-23 18:05:19 [org.springframework.web.servlet.handler.AbstractHandlerMethodMapping$MappingRegistry:543] - Mapped "{[/error],produces=[text/html]}" onto public org.springframework.web.servlet.ModelAndView org.springframework.boot.autoconfigure.web.BasicErrorController.errorHtml(javax.servlet.http.HttpServletRequest,javax.servlet.http.HttpServletResponse)
2016-09-23 18:05:19 [org.springframework.web.servlet.handler.AbstractUrlHandlerMapping:354] - Mapped URL path [/webjars/**] onto handler of type [class org.springframework.web.servlet.resource.ResourceHttpRequestHandler]
2016-09-23 18:05:19 [org.springframework.web.servlet.handler.AbstractUrlHandlerMapping:354] - Mapped URL path [/**] onto handler of type [class org.springframework.web.servlet.resource.ResourceHttpRequestHandler]
2016-09-23 18:05:19 [org.springframework.web.servlet.handler.AbstractUrlHandlerMapping:354] - Mapped URL path [/**/favicon.ico] onto handler of type [class org.springframework.web.servlet.resource.ResourceHttpRequestHandler]
2016-09-23 18:05:20 [org.springframework.jmx.export.MBeanExporter:431] - Registering beans for JMX exposure on startup
2016-09-23 18:05:20 [org.springframework.context.support.DefaultLifecycleProcessor$LifecycleGroup:341] - Starting beans in phase 2147483647
2016-09-23 18:05:20 [org.apache.juli.logging.DirectJDKLog:179] - Initializing ProtocolHandler ["http-nio-8181"]
2016-09-23 18:05:20 [org.apache.juli.logging.DirectJDKLog:179] - Starting ProtocolHandler [http-nio-8181]
2016-09-23 18:05:20 [org.apache.juli.logging.DirectJDKLog:179] - Using a shared selector for servlet write/read
2016-09-23 18:05:20 [org.springframework.boot.context.embedded.tomcat.TomcatEmbeddedServletContainer:186] - Tomcat started on port(s): 8181 (http)
2016-09-23 18:05:20 [org.springframework.boot.StartupInfoLogger:57] - Started BootstrapApplication in 6.096 seconds (JVM running for 6.847)
2016-09-23 18:05:32 [org.apache.juli.logging.DirectJDKLog:179] - Initializing Spring FrameworkServlet 'dispatcherServlet'
2016-09-23 18:05:32 [org.springframework.web.servlet.FrameworkServlet:489] - FrameworkServlet 'dispatcherServlet': initialization started
2016-09-23 18:05:32 [org.springframework.web.servlet.FrameworkServlet:508] - FrameworkServlet 'dispatcherServlet': initialization completed in 32 ms
2016-09-23 18:05:34 [com.mongodb.diagnostics.logging.SLF4JLogger:71] - Opened connection [connectionId{localValue:2, serverValue:2230}] to 121.40.144.146:27017
2016-09-23 18:06:47 [org.springframework.boot.StartupInfoLogger:48] - Starting BootstrapApplication on LP-IM-LQ with PID 5068 (G:\opensource\Mlife\target\classes started by Administrator in G:\opensource\Mlife)
2016-09-23 18:06:47 [org.springframework.boot.SpringApplication:659] - No active profile set, falling back to default profiles: default
2016-09-23 18:06:48 [org.springframework.context.support.AbstractApplicationContext:581] - Refreshing org.springframework.boot.context.embedded.AnnotationConfigEmbeddedWebApplicationContext@30848636: startup date [Fri Sep 23 18:06:48 CST 2016]; root of context hierarchy
2016-09-23 18:06:48 [org.hibernate.validator.internal.util.Version:30] - HV000001: Hibernate Validator 5.2.4.Final
2016-09-23 18:06:50 [org.springframework.boot.context.embedded.tomcat.TomcatEmbeddedServletContainer:88] - Tomcat initialized with port(s): 8181 (http)
2016-09-23 18:06:50 [org.apache.juli.logging.DirectJDKLog:179] - Starting service Tomcat
2016-09-23 18:06:50 [org.apache.juli.logging.DirectJDKLog:179] - Starting Servlet Engine: Apache Tomcat/8.5.4
2016-09-23 18:06:51 [org.apache.juli.logging.DirectJDKLog:179] - Initializing Spring embedded WebApplicationContext
2016-09-23 18:06:51 [org.springframework.boot.context.embedded.EmbeddedWebApplicationContext:276] - Root WebApplicationContext: initialization completed in 3120 ms
2016-09-23 18:06:51 [org.springframework.boot.web.servlet.ServletRegistrationBean:190] - Mapping servlet: 'dispatcherServlet' to [/]
2016-09-23 18:06:51 [org.springframework.boot.web.servlet.AbstractFilterRegistrationBean:258] - Mapping filter: 'characterEncodingFilter' to: [/*]
2016-09-23 18:06:51 [org.springframework.boot.web.servlet.AbstractFilterRegistrationBean:258] - Mapping filter: 'hiddenHttpMethodFilter' to: [/*]
2016-09-23 18:06:51 [org.springframework.boot.web.servlet.AbstractFilterRegistrationBean:258] - Mapping filter: 'httpPutFormContentFilter' to: [/*]
2016-09-23 18:06:51 [org.springframework.boot.web.servlet.AbstractFilterRegistrationBean:258] - Mapping filter: 'requestContextFilter' to: [/*]
2016-09-23 18:06:51 [com.mongodb.diagnostics.logging.SLF4JLogger:71] - Cluster created with settings {hosts=[121.40.144.146:27017], mode=MULTIPLE, requiredClusterType=UNKNOWN, serverSelectionTimeout='30000 ms', maxWaitQueueSize=500}
2016-09-23 18:06:51 [com.mongodb.diagnostics.logging.SLF4JLogger:71] - Adding discovered server 121.40.144.146:27017 to client view of cluster
2016-09-23 18:06:51 [com.mongodb.diagnostics.logging.SLF4JLogger:71] - Opened connection [connectionId{localValue:1, serverValue:2231}] to 121.40.144.146:27017
2016-09-23 18:06:51 [com.mongodb.diagnostics.logging.SLF4JLogger:71] - Monitor thread successfully connected to server with description ServerDescription{address=121.40.144.146:27017, type=STANDALONE, state=CONNECTED, ok=true, version=ServerVersion{versionList=[3, 2, 3]}, minWireVersion=0, maxWireVersion=4, maxDocumentSize=16777216, roundTripTimeNanos=6701832}
2016-09-23 18:06:51 [com.mongodb.diagnostics.logging.SLF4JLogger:71] - Discovered cluster type of STANDALONE
2016-09-23 18:06:52 [colin.app.service.mlife.config.MinaChatServerConfig:53] - 啟動mina
2016-09-23 18:06:52 [org.springframework.scheduling.concurrent.ExecutorConfigurationSupport:165] - Initializing ExecutorService  'defaultSockJsTaskScheduler'
2016-09-23 18:06:52 [org.springframework.web.servlet.handler.AbstractUrlHandlerMapping:354] - Mapped URL path [/ws/chat/**] onto handler of type [class org.springframework.web.socket.sockjs.support.SockJsHttpRequestHandler]
2016-09-23 18:06:53 [org.springframework.web.servlet.mvc.method.annotation.RequestMappingHandlerAdapter:534] - Looking for @ControllerAdvice: org.springframework.boot.context.embedded.AnnotationConfigEmbeddedWebApplicationContext@30848636: startup date [Fri Sep 23 18:06:48 CST 2016]; root of context hierarchy
2016-09-23 18:06:53 [org.springframework.web.servlet.handler.AbstractHandlerMethodMapping$MappingRegistry:543] - Mapped "{[/mlife/admin/chat],methods=[GET]}" onto public org.springframework.web.servlet.ModelAndView colin.app.service.mlife.controller.ChatModuleController.showChatPage()
2016-09-23 18:06:53 [org.springframework.web.servlet.handler.AbstractHandlerMethodMapping$MappingRegistry:543] - Mapped "{[/mlife/admin/dashboard],methods=[GET]}" onto public org.springframework.web.servlet.ModelAndView colin.app.service.mlife.controller.DashboardModuleController.showDashboard(javax.servlet.http.HttpSession)
2016-09-23 18:06:53 [org.springframework.web.servlet.handler.AbstractHandlerMethodMapping$MappingRegistry:543] - Mapped "{[/mlife/admin/main],methods=[GET]}" onto public org.springframework.web.servlet.ModelAndView colin.app.service.mlife.controller.DashboardModuleController.showIndex() throws java.lang.Exception
2016-09-23 18:06:53 [org.springframework.web.servlet.handler.AbstractHandlerMethodMapping$MappingRegistry:543] - Mapped "{[/mlife/admin/admin_avatar],methods=[GET]}" onto public org.springframework.web.servlet.ModelAndView colin.app.service.mlife.controller.DashboardModuleController.showAvatar()
2016-09-23 18:06:53 [org.springframework.web.servlet.handler.AbstractHandlerMethodMapping$MappingRegistry:543] - Mapped "{[/mlife/admin/admin_profile],methods=[GET]}" onto public org.springframework.web.servlet.ModelAndView colin.app.service.mlife.controller.DashboardModuleController.showProfile()
2016-09-23 18:06:53 [org.springframework.web.servlet.handler.AbstractHandlerMethodMapping$MappingRegistry:543] - Mapped "{[/mlife/admin/admin_contacts],methods=[GET]}" onto public org.springframework.web.servlet.ModelAndView colin.app.service.mlife.controller.DashboardModuleController.showContacts()
2016-09-23 18:06:53 [org.springframework.web.servlet.handler.AbstractHandlerMethodMapping$MappingRegistry:543] - Mapped "{[/mlife/admin/admin_mailbox],methods=[GET]}" onto public org.springframework.web.servlet.ModelAndView colin.app.service.mlife.controller.DashboardModuleController.showMailbox()
2016-09-23 18:06:53 [org.springframework.web.servlet.handler.AbstractHandlerMethodMapping$MappingRegistry:543] - Mapped "{[/mlife/admin/logout],methods=[GET]}" onto public org.springframework.web.servlet.ModelAndView colin.app.service.mlife.controller.DashboardModuleController.adminLogout(java.lang.String)
2016-09-23 18:06:53 [org.springframework.web.servlet.handler.AbstractHandlerMethodMapping$MappingRegistry:543] - Mapped "{[/error/ie],methods=[GET]}" onto public java.lang.String colin.app.service.mlife.controller.ExceptionModuleController.showError()
2016-09-23 18:06:53 [org.springframework.web.servlet.handler.AbstractHandlerMethodMapping$MappingRegistry:543] - Mapped "{[/mlife/admin/web_forum],methods=[GET]}" onto public org.springframework.web.servlet.ModelAndView colin.app.service.mlife.controller.ForumModuleController.showForum()
2016-09-23 18:06:53 [org.springframework.web.servlet.handler.AbstractHandlerMethodMapping$MappingRegistry:543] - Mapped "{[/mlife/admin/add_forum],methods=[POST],produces=[application/json;charset=UTF-8]}" onto public java.lang.Object colin.app.service.mlife.controller.ForumModuleController.addForum(colin.app.service.mlife.controller.wrapper.ForumWrapper)
2016-09-23 18:06:53 [org.springframework.web.servlet.handler.AbstractHandlerMethodMapping$MappingRegistry:543] - Mapped "{[/mlife/admin/list_web_forum],methods=[POST]}" onto public java.lang.Object colin.app.service.mlife.controller.ForumModuleController.listAllForum(int,int)
2016-09-23 18:06:53 [org.springframework.web.servlet.handler.AbstractHandlerMethodMapping$MappingRegistry:543] - Mapped "{[/mlife/admin/find_all_forum],methods=[POST]}" onto public java.lang.Object colin.app.service.mlife.controller.ForumModuleController.getAllForum()
2016-09-23 18:06:53 [org.springframework.web.servlet.handler.AbstractHandlerMethodMapping$MappingRegistry:543] - Mapped "{[/mlife/admin/web_forum_theme],methods=[GET]}" onto public org.springframework.web.servlet.ModelAndView colin.app.service.mlife.controller.ForumModuleController.showForumTheme()
2016-09-23 18:06:53 [org.springframework.web.servlet.handler.AbstractHandlerMethodMapping$MappingRegistry:543] - Mapped "{[/mlife/admin/web_forum_topic],methods=[GET]}" onto public org.springframework.web.servlet.ModelAndView colin.app.service.mlife.controller.ForumModuleController.showForumTopic()
2016-09-23 18:06:53 [org.springframework.web.servlet.handler.AbstractHandlerMethodMapping$MappingRegistry:543] - Mapped "{[/],methods=[GET]}" onto public org.springframework.web.context.request.async.WebAsyncTask<org.springframework.web.servlet.ModelAndView> colin.app.service.mlife.controller.IndexModuleController.showMlifePage()
2016-09-23 18:06:53 [org.springframework.web.servlet.handler.AbstractHandlerMethodMapping$MappingRegistry:543] - Mapped "{[/weichat],methods=[GET]}" onto public org.springframework.web.context.request.async.WebAsyncTask<java.lang.Object> colin.app.service.mlife.controller.IndexModuleController.weiChatValidate(java.lang.String,java.lang.String,java.lang.String,java.lang.String)
2016-09-23 18:06:53 [org.springframework.web.servlet.handler.AbstractHandlerMethodMapping$MappingRegistry:543] - Mapped "{[/mlife/admin/login],methods=[POST]}" onto public org.springframework.web.servlet.ModelAndView colin.app.service.mlife.controller.LoginModuleController.adminLogin(java.lang.String,java.lang.String,javax.servlet.http.HttpSession)
2016-09-23 18:06:53 [org.springframework.web.servlet.handler.AbstractHandlerMethodMapping$MappingRegistry:543] - Mapped "{[/mlife/admin/login],methods=[GET]}" onto public java.lang.String colin.app.service.mlife.controller.LoginModuleController.showLogin()
2016-09-23 18:06:53 [org.springframework.web.servlet.handler.AbstractHandlerMethodMapping$MappingRegistry:543] - Mapped "{[/mlife/admin/crawler_aticle],methods=[GET]}" onto public org.springframework.web.servlet.ModelAndView colin.app.service.mlife.controller.WebCrawlerAticleModuleController.showCrawlerAticlePage()
2016-09-23 18:06:53 [org.springframework.web.servlet.handler.AbstractHandlerMethodMapping$MappingRegistry:543] - Mapped "{[/mlife/admin/crawler_aticle_detail],methods=[GET]}" onto public org.springframework.web.servlet.ModelAndView colin.app.service.mlife.controller.WebCrawlerAticleModuleController.showCrawlerAtcileDetailPage(java.lang.String)
2016-09-23 18:06:53 [org.springframework.web.servlet.handler.AbstractHandlerMethodMapping$MappingRegistry:543] - Mapped "{[/mlife/admin/crawler_aticle_list],methods=[POST]}" onto public org.springframework.web.servlet.ModelAndView colin.app.service.mlife.controller.WebCrawlerAticleModuleController.showCrawlerAticleDigestList(int,int)
2016-09-23 18:06:53 [org.springframework.web.servlet.handler.AbstractHandlerMethodMapping$MappingRegistry:543] - Mapped "{[/mlife/admin/web_crawler],methods=[GET]}" onto public org.springframework.web.servlet.ModelAndView colin.app.service.mlife.controller.WebCrawlerController.showWebCrawler()
2016-09-23 18:06:53 [org.springframework.web.servlet.handler.AbstractHandlerMethodMapping$MappingRegistry:543] - Mapped "{[/mlife/admin/list_web_crawler],methods=[POST]}" onto public java.lang.Object colin.app.service.mlife.controller.WebCrawlerController.listCrawlerUrlInfo(int,int)
2016-09-23 18:06:53 [org.springframework.web.servlet.handler.AbstractHandlerMethodMapping$MappingRegistry:543] - Mapped "{[/mlife/admin/add_crawler_url],methods=[PUT],produces=[application/json;charset=UTF-8]}" onto public java.lang.Object colin.app.service.mlife.controller.WebCrawlerController.addCrawlerUrlInfo(colin.app.service.mlife.controller.wrapper.CrawlerUrlWrapper)
2016-09-23 18:06:53 [org.springframework.web.servlet.handler.AbstractHandlerMethodMapping$MappingRegistry:543] - Mapped "{[/mlife/admin/web_parser],methods=[GET]}" onto public org.springframework.web.servlet.ModelAndView colin.app.service.mlife.controller.WebCrawlerParserModuleController.showWebCrawlerParserPage()
2016-09-23 18:06:53 [org.springframework.web.servlet.handler.AbstractHandlerMethodMapping$MappingRegistry:543] - Mapped "{[/error]}" onto public org.springframework.http.ResponseEntity<java.util.Map<java.lang.String, java.lang.Object>> org.springframework.boot.autoconfigure.web.BasicErrorController.error(javax.servlet.http.HttpServletRequest)
2016-09-23 18:06:53 [org.springframework.web.servlet.handler.AbstractHandlerMethodMapping$MappingRegistry:543] - Mapped "{[/error],produces=[text/html]}" onto public org.springframework.web.servlet.ModelAndView org.springframework.boot.autoconfigure.web.BasicErrorController.errorHtml(javax.servlet.http.HttpServletRequest,javax.servlet.http.HttpServletResponse)
2016-09-23 18:06:53 [org.springframework.web.servlet.handler.AbstractUrlHandlerMapping:354] - Mapped URL path [/webjars/**] onto handler of type [class org.springframework.web.servlet.resource.ResourceHttpRequestHandler]
2016-09-23 18:06:53 [org.springframework.web.servlet.handler.AbstractUrlHandlerMapping:354] - Mapped URL path [/**] onto handler of type [class org.springframework.web.servlet.resource.ResourceHttpRequestHandler]
2016-09-23 18:06:53 [org.springframework.web.servlet.handler.AbstractUrlHandlerMapping:354] - Mapped URL path [/**/favicon.ico] onto handler of type [class org.springframework.web.servlet.resource.ResourceHttpRequestHandler]
2016-09-23 18:06:53 [org.springframework.jmx.export.MBeanExporter:431] - Registering beans for JMX exposure on startup
2016-09-23 18:06:53 [org.springframework.context.support.DefaultLifecycleProcessor$LifecycleGroup:341] - Starting beans in phase 2147483647
2016-09-23 18:06:53 [org.apache.juli.logging.DirectJDKLog:179] - Initializing ProtocolHandler ["http-nio-8181"]
2016-09-23 18:06:53 [org.apache.juli.logging.DirectJDKLog:179] - Starting ProtocolHandler [http-nio-8181]
2016-09-23 18:06:53 [org.apache.juli.logging.DirectJDKLog:179] - Using a shared selector for servlet write/read
2016-09-23 18:06:53 [org.springframework.boot.context.embedded.tomcat.TomcatEmbeddedServletContainer:186] - Tomcat started on port(s): 8181 (http)
2016-09-23 18:06:53 [org.springframework.boot.StartupInfoLogger:57] - Started BootstrapApplication in 6.593 seconds (JVM running for 8.631)
2016-09-23 18:07:11 [org.apache.juli.logging.DirectJDKLog:179] - Initializing Spring FrameworkServlet 'dispatcherServlet'
2016-09-23 18:07:11 [org.springframework.web.servlet.FrameworkServlet:489] - FrameworkServlet 'dispatcherServlet': initialization started
2016-09-23 18:07:12 [org.springframework.web.servlet.FrameworkServlet:508] - FrameworkServlet 'dispatcherServlet': initialization completed in 33 ms
2016-09-23 18:07:13 [com.mongodb.diagnostics.logging.SLF4JLogger:71] - Opened connection [connectionId{localValue:2, serverValue:2232}] to 121.40.144.146:27017
2016-09-23 18:10:04 [org.springframework.boot.StartupInfoLogger:48] - Starting BootstrapApplication on LP-IM-LQ with PID 11324 (G:\opensource\Mlife\target\classes started by Administrator in G:\opensource\Mlife)
2016-09-23 18:10:04 [org.springframework.boot.SpringApplication:659] - No active profile set, falling back to default profiles: default
2016-09-23 18:10:04 [org.springframework.context.support.AbstractApplicationContext:581] - Refreshing org.springframework.boot.context.embedded.AnnotationConfigEmbeddedWebApplicationContext@1b082505: startup date [Fri Sep 23 18:10:04 CST 2016]; root of context hierarchy
2016-09-23 18:10:04 [org.hibernate.validator.internal.util.Version:30] - HV000001: Hibernate Validator 5.2.4.Final
2016-09-23 18:10:07 [org.springframework.boot.context.embedded.tomcat.TomcatEmbeddedServletContainer:88] - Tomcat initialized with port(s): 8181 (http)
2016-09-23 18:10:07 [org.apache.juli.logging.DirectJDKLog:179] - Starting service Tomcat
2016-09-23 18:10:07 [org.apache.juli.logging.DirectJDKLog:179] - Starting Servlet Engine: Apache Tomcat/8.5.4
2016-09-23 18:10:07 [org.apache.juli.logging.DirectJDKLog:179] - Initializing Spring embedded WebApplicationContext
2016-09-23 18:10:07 [org.springframework.boot.context.embedded.EmbeddedWebApplicationContext:276] - Root WebApplicationContext: initialization completed in 2774 ms
2016-09-23 18:10:07 [org.springframework.boot.web.servlet.ServletRegistrationBean:190] - Mapping servlet: 'dispatcherServlet' to [/]
2016-09-23 18:10:07 [org.springframework.boot.web.servlet.AbstractFilterRegistrationBean:258] - Mapping filter: 'characterEncodingFilter' to: [/*]
2016-09-23 18:10:07 [org.springframework.boot.web.servlet.AbstractFilterRegistrationBean:258] - Mapping filter: 'hiddenHttpMethodFilter' to: [/*]
2016-09-23 18:10:07 [org.springframework.boot.web.servlet.AbstractFilterRegistrationBean:258] - Mapping filter: 'httpPutFormContentFilter' to: [/*]
2016-09-23 18:10:07 [org.springframework.boot.web.servlet.AbstractFilterRegistrationBean:258] - Mapping filter: 'requestContextFilter' to: [/*]
2016-09-23 18:10:08 [com.mongodb.diagnostics.logging.SLF4JLogger:71] - Cluster created with settings {hosts=[121.40.144.146:27017], mode=MULTIPLE, requiredClusterType=UNKNOWN, serverSelectionTimeout='30000 ms', maxWaitQueueSize=500}
2016-09-23 18:10:08 [com.mongodb.diagnostics.logging.SLF4JLogger:71] - Adding discovered server 121.40.144.146:27017 to client view of cluster
2016-09-23 18:10:08 [com.mongodb.diagnostics.logging.SLF4JLogger:71] - Opened connection [connectionId{localValue:1, serverValue:2233}] to 121.40.144.146:27017
2016-09-23 18:10:08 [com.mongodb.diagnostics.logging.SLF4JLogger:71] - Monitor thread successfully connected to server with description ServerDescription{address=121.40.144.146:27017, type=STANDALONE, state=CONNECTED, ok=true, version=ServerVersion{versionList=[3, 2, 3]}, minWireVersion=0, maxWireVersion=4, maxDocumentSize=16777216, roundTripTimeNanos=5801489}
2016-09-23 18:10:08 [com.mongodb.diagnostics.logging.SLF4JLogger:71] - Discovered cluster type of STANDALONE
2016-09-23 18:10:08 [colin.app.service.mlife.config.MinaChatServerConfig:53] - 啟動mina
2016-09-23 18:10:08 [org.springframework.scheduling.concurrent.ExecutorConfigurationSupport:165] - Initializing ExecutorService  'defaultSockJsTaskScheduler'
2016-09-23 18:10:08 [org.springframework.web.servlet.handler.AbstractUrlHandlerMapping:354] - Mapped URL path [/ws/chat/**] onto handler of type [class org.springframework.web.socket.sockjs.support.SockJsHttpRequestHandler]
2016-09-23 18:10:09 [org.springframework.web.servlet.mvc.method.annotation.RequestMappingHandlerAdapter:534] - Looking for @ControllerAdvice: org.springframework.boot.context.embedded.AnnotationConfigEmbeddedWebApplicationContext@1b082505: startup date [Fri Sep 23 18:10:04 CST 2016]; root of context hierarchy
2016-09-23 18:10:09 [org.springframework.web.servlet.handler.AbstractHandlerMethodMapping$MappingRegistry:543] - Mapped "{[/mlife/admin/chat],methods=[GET]}" onto public org.springframework.web.servlet.ModelAndView colin.app.service.mlife.controller.ChatModuleController.showChatPage()
2016-09-23 18:10:09 [org.springframework.web.servlet.handler.AbstractHandlerMethodMapping$MappingRegistry:543] - Mapped "{[/mlife/admin/dashboard],methods=[GET]}" onto public org.springframework.web.servlet.ModelAndView colin.app.service.mlife.controller.DashboardModuleController.showDashboard(javax.servlet.http.HttpSession)
2016-09-23 18:10:09 [org.springframework.web.servlet.handler.AbstractHandlerMethodMapping$MappingRegistry:543] - Mapped "{[/mlife/admin/main],methods=[GET]}" onto public org.springframework.web.servlet.ModelAndView colin.app.service.mlife.controller.DashboardModuleController.showIndex() throws java.lang.Exception
2016-09-23 18:10:09 [org.springframework.web.servlet.handler.AbstractHandlerMethodMapping$MappingRegistry:543] - Mapped "{[/mlife/admin/admin_avatar],methods=[GET]}" onto public org.springframework.web.servlet.ModelAndView colin.app.service.mlife.controller.DashboardModuleController.showAvatar()
2016-09-23 18:10:09 [org.springframework.web.servlet.handler.AbstractHandlerMethodMapping$MappingRegistry:543] - Mapped "{[/mlife/admin/admin_profile],methods=[GET]}" onto public org.springframework.web.servlet.ModelAndView colin.app.service.mlife.controller.DashboardModuleController.showProfile()
2016-09-23 18:10:09 [org.springframework.web.servlet.handler.AbstractHandlerMethodMapping$MappingRegistry:543] - Mapped "{[/mlife/admin/admin_contacts],methods=[GET]}" onto public org.springframework.web.servlet.ModelAndView colin.app.service.mlife.controller.DashboardModuleController.showContacts()
2016-09-23 18:10:09 [org.springframework.web.servlet.handler.AbstractHandlerMethodMapping$MappingRegistry:543] - Mapped "{[/mlife/admin/admin_mailbox],methods=[GET]}" onto public org.springframework.web.servlet.ModelAndView colin.app.service.mlife.controller.DashboardModuleController.showMailbox()
2016-09-23 18:10:09 [org.springframework.web.servlet.handler.AbstractHandlerMethodMapping$MappingRegistry:543] - Mapped "{[/mlife/admin/logout],methods=[GET]}" onto public org.springframework.web.servlet.ModelAndView colin.app.service.mlife.controller.DashboardModuleController.adminLogout(java.lang.String)
2016-09-23 18:10:09 [org.springframework.web.servlet.handler.AbstractHandlerMethodMapping$MappingRegistry:543] - Mapped "{[/error/ie],methods=[GET]}" onto public java.lang.String colin.app.service.mlife.controller.ExceptionModuleController.showError()
2016-09-23 18:10:09 [org.springframework.web.servlet.handler.AbstractHandlerMethodMapping$MappingRegistry:543] - Mapped "{[/mlife/admin/web_forum_theme],methods=[GET]}" onto public org.springframework.web.servlet.ModelAndView colin.app.service.mlife.controller.ForumModuleController.showForumTheme()
2016-09-23 18:10:09 [org.springframework.web.servlet.handler.AbstractHandlerMethodMapping$MappingRegistry:543] - Mapped "{[/mlife/admin/web_forum_topic],methods=[GET]}" onto public org.springframework.web.servlet.ModelAndView colin.app.service.mlife.controller.ForumModuleController.showForumTopic()
2016-09-23 18:10:09 [org.springframework.web.servlet.handler.AbstractHandlerMethodMapping$MappingRegistry:543] - Mapped "{[/mlife/admin/web_forum],methods=[GET]}" onto public org.springframework.web.servlet.ModelAndView colin.app.service.mlife.controller.ForumModuleController.showForum()
2016-09-23 18:10:09 [org.springframework.web.servlet.handler.AbstractHandlerMethodMapping$MappingRegistry:543] - Mapped "{[/mlife/admin/add_forum],methods=[POST],produces=[application/json;charset=UTF-8]}" onto public java.lang.Object colin.app.service.mlife.controller.ForumModuleController.addForum(colin.app.service.mlife.controller.wrapper.ForumWrapper)
2016-09-23 18:10:09 [org.springframework.web.servlet.handler.AbstractHandlerMethodMapping$MappingRegistry:543] - Mapped "{[/mlife/admin/list_web_forum],methods=[POST]}" onto public java.lang.Object colin.app.service.mlife.controller.ForumModuleController.listAllForum(int,int)
2016-09-23 18:10:09 [org.springframework.web.servlet.handler.AbstractHandlerMethodMapping$MappingRegistry:543] - Mapped "{[/mlife/admin/find_all_forum],methods=[POST]}" onto public java.lang.Object colin.app.service.mlife.controller.ForumModuleController.getAllForum()
2016-09-23 18:10:09 [org.springframework.web.servlet.handler.AbstractHandlerMethodMapping$MappingRegistry:543] - Mapped "{[/weichat],methods=[GET]}" onto public org.springframework.web.context.request.async.WebAsyncTask<java.lang.Object> colin.app.service.mlife.controller.IndexModuleController.weiChatValidate(java.lang.String,java.lang.String,java.lang.String,java.lang.String)
2016-09-23 18:10:09 [org.springframework.web.servlet.handler.AbstractHandlerMethodMapping$MappingRegistry:543] - Mapped "{[/],methods=[GET]}" onto public org.springframework.web.context.request.async.WebAsyncTask<org.springframework.web.servlet.ModelAndView> colin.app.service.mlife.controller.IndexModuleController.showMlifePage()
2016-09-23 18:10:09 [org.springframework.web.servlet.handler.AbstractHandlerMethodMapping$MappingRegistry:543] - Mapped "{[/mlife/admin/login],methods=[POST]}" onto public org.springframework.web.servlet.ModelAndView colin.app.service.mlife.controller.LoginModuleController.adminLogin(java.lang.String,java.lang.String,javax.servlet.http.HttpSession)
2016-09-23 18:10:09 [org.springframework.web.servlet.handler.AbstractHandlerMethodMapping$MappingRegistry:543] - Mapped "{[/mlife/admin/login],methods=[GET]}" onto public java.lang.String colin.app.service.mlife.controller.LoginModuleController.showLogin()
2016-09-23 18:10:09 [org.springframework.web.servlet.handler.AbstractHandlerMethodMapping$MappingRegistry:543] - Mapped "{[/mlife/admin/crawler_aticle],methods=[GET]}" onto public org.springframework.web.servlet.ModelAndView colin.app.service.mlife.controller.WebCrawlerAticleModuleController.showCrawlerAticlePage()
2016-09-23 18:10:09 [org.springframework.web.servlet.handler.AbstractHandlerMethodMapping$MappingRegistry:543] - Mapped "{[/mlife/admin/crawler_aticle_detail],methods=[GET]}" onto public org.springframework.web.servlet.ModelAndView colin.app.service.mlife.controller.WebCrawlerAticleModuleController.showCrawlerAtcileDetailPage(java.lang.String)
2016-09-23 18:10:09 [org.springframework.web.servlet.handler.AbstractHandlerMethodMapping$MappingRegistry:543] - Mapped "{[/mlife/admin/crawler_aticle_list],methods=[POST]}" onto public org.springframework.web.servlet.ModelAndView colin.app.service.mlife.controller.WebCrawlerAticleModuleController.showCrawlerAticleDigestList(int,int)
2016-09-23 18:10:09 [org.springframework.web.servlet.handler.AbstractHandlerMethodMapping$MappingRegistry:543] - Mapped "{[/mlife/admin/web_crawler],methods=[GET]}" onto public org.springframework.web.servlet.ModelAndView colin.app.service.mlife.controller.WebCrawlerController.showWebCrawler()
2016-09-23 18:10:09 [org.springframework.web.servlet.handler.AbstractHandlerMethodMapping$MappingRegistry:543] - Mapped "{[/mlife/admin/list_web_crawler],methods=[POST]}" onto public java.lang.Object colin.app.service.mlife.controller.WebCrawlerController.listCrawlerUrlInfo(int,int)
2016-09-23 18:10:09 [org.springframework.web.servlet.handler.AbstractHandlerMethodMapping$MappingRegistry:543] - Mapped "{[/mlife/admin/add_crawler_url],methods=[PUT],produces=[application/json;charset=UTF-8]}" onto public java.lang.Object colin.app.service.mlife.controller.WebCrawlerController.addCrawlerUrlInfo(colin.app.service.mlife.controller.wrapper.CrawlerUrlWrapper)
2016-09-23 18:10:09 [org.springframework.web.servlet.handler.AbstractHandlerMethodMapping$MappingRegistry:543] - Mapped "{[/mlife/admin/web_parser],methods=[GET]}" onto public org.springframework.web.servlet.ModelAndView colin.app.service.mlife.controller.WebCrawlerParserModuleController.showWebCrawlerParserPage()
2016-09-23 18:10:09 [org.springframework.web.servlet.handler.AbstractHandlerMethodMapping$MappingRegistry:543] - Mapped "{[/error]}" onto public org.springframework.http.ResponseEntity<java.util.Map<java.lang.String, java.lang.Object>> org.springframework.boot.autoconfigure.web.BasicErrorController.error(javax.servlet.http.HttpServletRequest)
2016-09-23 18:10:09 [org.springframework.web.servlet.handler.AbstractHandlerMethodMapping$MappingRegistry:543] - Mapped "{[/error],produces=[text/html]}" onto public org.springframework.web.servlet.ModelAndView org.springframework.boot.autoconfigure.web.BasicErrorController.errorHtml(javax.servlet.http.HttpServletRequest,javax.servlet.http.HttpServletResponse)
2016-09-23 18:10:09 [org.springframework.web.servlet.handler.AbstractUrlHandlerMapping:354] - Mapped URL path [/webjars/**] onto handler of type [class org.springframework.web.servlet.resource.ResourceHttpRequestHandler]
2016-09-23 18:10:09 [org.springframework.web.servlet.handler.AbstractUrlHandlerMapping:354] - Mapped URL path [/**] onto handler of type [class org.springframework.web.servlet.resource.ResourceHttpRequestHandler]
2016-09-23 18:10:09 [org.springframework.web.servlet.handler.AbstractUrlHandlerMapping:354] - Mapped URL path [/**/favicon.ico] onto handler of type [class org.springframework.web.servlet.resource.ResourceHttpRequestHandler]
2016-09-23 18:10:09 [org.springframework.jmx.export.MBeanExporter:431] - Registering beans for JMX exposure on startup
2016-09-23 18:10:09 [org.springframework.context.support.DefaultLifecycleProcessor$LifecycleGroup:341] - Starting beans in phase 2147483647
2016-09-23 18:10:09 [org.apache.juli.logging.DirectJDKLog:179] - Initializing ProtocolHandler ["http-nio-8181"]
2016-09-23 18:10:09 [org.apache.juli.logging.DirectJDKLog:179] - Starting ProtocolHandler [http-nio-8181]
2016-09-23 18:10:09 [org.apache.juli.logging.DirectJDKLog:179] - Using a shared selector for servlet write/read
2016-09-23 18:10:09 [org.springframework.boot.context.embedded.tomcat.TomcatEmbeddedServletContainer:186] - Tomcat started on port(s): 8181 (http)
2016-09-23 18:10:09 [org.springframework.boot.StartupInfoLogger:57] - Started BootstrapApplication in 6.071 seconds (JVM running for 6.794)
2016-09-23 18:10:13 [org.apache.juli.logging.DirectJDKLog:179] - Initializing Spring FrameworkServlet 'dispatcherServlet'
2016-09-23 18:10:13 [org.springframework.web.servlet.FrameworkServlet:489] - FrameworkServlet 'dispatcherServlet': initialization started
2016-09-23 18:10:13 [org.springframework.web.servlet.FrameworkServlet:508] - FrameworkServlet 'dispatcherServlet': initialization completed in 27 ms
2016-09-23 18:10:15 [com.mongodb.diagnostics.logging.SLF4JLogger:71] - Opened connection [connectionId{localValue:2, serverValue:2234}] to 121.40.144.146:27017
2016-09-23 18:10:17 [colin.app.service.mlife.core.utils.LogUtils:30] - ===============true===[colin.app.service.mlife.core.pojo.Forum@bb9dbb2]
2016-09-30 15:25:32 [org.springframework.boot.StartupInfoLogger:48] - Starting BootstrapApplication on LP-IM-LQ with PID 7644 (G:\opensource\Mlife\target\classes started by Administrator in G:\opensource\Mlife)
2016-09-30 15:25:32 [org.springframework.boot.SpringApplication:659] - No active profile set, falling back to default profiles: default
2016-09-30 15:25:32 [org.springframework.context.support.AbstractApplicationContext:581] - Refreshing org.springframework.boot.context.embedded.AnnotationConfigEmbeddedWebApplicationContext@2768875d: startup date [Fri Sep 30 15:25:32 CST 2016]; root of context hierarchy
2016-09-30 15:25:33 [org.hibernate.validator.internal.util.Version:30] - HV000001: Hibernate Validator 5.2.4.Final
2016-09-30 15:25:36 [org.springframework.boot.context.embedded.tomcat.TomcatEmbeddedServletContainer:88] - Tomcat initialized with port(s): 8181 (http)
2016-09-30 15:25:36 [org.apache.juli.logging.DirectJDKLog:179] - Starting service Tomcat
2016-09-30 15:25:36 [org.apache.juli.logging.DirectJDKLog:179] - Starting Servlet Engine: Apache Tomcat/8.5.4
2016-09-30 15:25:36 [org.apache.juli.logging.DirectJDKLog:179] - Initializing Spring embedded WebApplicationContext
2016-09-30 15:25:36 [org.springframework.boot.context.embedded.EmbeddedWebApplicationContext:276] - Root WebApplicationContext: initialization completed in 3954 ms
2016-09-30 15:25:37 [org.springframework.boot.web.servlet.ServletRegistrationBean:190] - Mapping servlet: 'dispatcherServlet' to [/]
2016-09-30 15:25:37 [org.springframework.boot.web.servlet.AbstractFilterRegistrationBean:258] - Mapping filter: 'characterEncodingFilter' to: [/*]
2016-09-30 15:25:37 [org.springframework.boot.web.servlet.AbstractFilterRegistrationBean:258] - Mapping filter: 'hiddenHttpMethodFilter' to: [/*]
2016-09-30 15:25:37 [org.springframework.boot.web.servlet.AbstractFilterRegistrationBean:258] - Mapping filter: 'httpPutFormContentFilter' to: [/*]
2016-09-30 15:25:37 [org.springframework.boot.web.servlet.AbstractFilterRegistrationBean:258] - Mapping filter: 'requestContextFilter' to: [/*]
2016-09-30 15:25:37 [com.mongodb.diagnostics.logging.SLF4JLogger:71] - Cluster created with settings {hosts=[121.40.144.146:27017], mode=MULTIPLE, requiredClusterType=UNKNOWN, serverSelectionTimeout='30000 ms', maxWaitQueueSize=500}
2016-09-30 15:25:37 [com.mongodb.diagnostics.logging.SLF4JLogger:71] - Adding discovered server 121.40.144.146:27017 to client view of cluster
2016-09-30 15:25:37 [com.mongodb.diagnostics.logging.SLF4JLogger:71] - Opened connection [connectionId{localValue:1, serverValue:2271}] to 121.40.144.146:27017
2016-09-30 15:25:37 [com.mongodb.diagnostics.logging.SLF4JLogger:71] - Monitor thread successfully connected to server with description ServerDescription{address=121.40.144.146:27017, type=STANDALONE, state=CONNECTED, ok=true, version=ServerVersion{versionList=[3, 2, 3]}, minWireVersion=0, maxWireVersion=4, maxDocumentSize=16777216, roundTripTimeNanos=6001629}
2016-09-30 15:25:37 [com.mongodb.diagnostics.logging.SLF4JLogger:71] - Discovered cluster type of STANDALONE
2016-09-30 15:25:38 [colin.app.service.mlife.config.MinaChatServerConfig:55] - 啟動mina成功，监听的TCP端口是6222
2016-09-30 15:25:38 [org.springframework.scheduling.concurrent.ExecutorConfigurationSupport:165] - Initializing ExecutorService  'defaultSockJsTaskScheduler'
2016-09-30 15:25:38 [org.springframework.web.servlet.handler.AbstractUrlHandlerMapping:354] - Mapped URL path [/ws/chat/**] onto handler of type [class org.springframework.web.socket.sockjs.support.SockJsHttpRequestHandler]
2016-09-30 15:25:38 [org.springframework.web.servlet.mvc.method.annotation.RequestMappingHandlerAdapter:534] - Looking for @ControllerAdvice: org.springframework.boot.context.embedded.AnnotationConfigEmbeddedWebApplicationContext@2768875d: startup date [Fri Sep 30 15:25:32 CST 2016]; root of context hierarchy
2016-09-30 15:25:38 [org.springframework.web.servlet.handler.AbstractHandlerMethodMapping$MappingRegistry:543] - Mapped "{[/mlife/admin/chat],methods=[GET]}" onto public org.springframework.web.servlet.ModelAndView colin.app.service.mlife.controller.ChatModuleController.showChatPage()
2016-09-30 15:25:38 [org.springframework.web.servlet.handler.AbstractHandlerMethodMapping$MappingRegistry:543] - Mapped "{[/mlife/admin/dashboard],methods=[GET]}" onto public org.springframework.web.servlet.ModelAndView colin.app.service.mlife.controller.DashboardModuleController.showDashboard(javax.servlet.http.HttpSession)
2016-09-30 15:25:38 [org.springframework.web.servlet.handler.AbstractHandlerMethodMapping$MappingRegistry:543] - Mapped "{[/mlife/admin/main],methods=[GET]}" onto public org.springframework.web.servlet.ModelAndView colin.app.service.mlife.controller.DashboardModuleController.showIndex() throws java.lang.Exception
2016-09-30 15:25:38 [org.springframework.web.servlet.handler.AbstractHandlerMethodMapping$MappingRegistry:543] - Mapped "{[/mlife/admin/admin_avatar],methods=[GET]}" onto public org.springframework.web.servlet.ModelAndView colin.app.service.mlife.controller.DashboardModuleController.showAvatar()
2016-09-30 15:25:38 [org.springframework.web.servlet.handler.AbstractHandlerMethodMapping$MappingRegistry:543] - Mapped "{[/mlife/admin/admin_profile],methods=[GET]}" onto public org.springframework.web.servlet.ModelAndView colin.app.service.mlife.controller.DashboardModuleController.showProfile()
2016-09-30 15:25:38 [org.springframework.web.servlet.handler.AbstractHandlerMethodMapping$MappingRegistry:543] - Mapped "{[/mlife/admin/admin_contacts],methods=[GET]}" onto public org.springframework.web.servlet.ModelAndView colin.app.service.mlife.controller.DashboardModuleController.showContacts()
2016-09-30 15:25:38 [org.springframework.web.servlet.handler.AbstractHandlerMethodMapping$MappingRegistry:543] - Mapped "{[/mlife/admin/admin_mailbox],methods=[GET]}" onto public org.springframework.web.servlet.ModelAndView colin.app.service.mlife.controller.DashboardModuleController.showMailbox()
2016-09-30 15:25:38 [org.springframework.web.servlet.handler.AbstractHandlerMethodMapping$MappingRegistry:543] - Mapped "{[/mlife/admin/logout],methods=[GET]}" onto public org.springframework.web.servlet.ModelAndView colin.app.service.mlife.controller.DashboardModuleController.adminLogout(java.lang.String)
2016-09-30 15:25:38 [org.springframework.web.servlet.handler.AbstractHandlerMethodMapping$MappingRegistry:543] - Mapped "{[/error/ie],methods=[GET]}" onto public java.lang.String colin.app.service.mlife.controller.ExceptionModuleController.showError()
2016-09-30 15:25:38 [org.springframework.web.servlet.handler.AbstractHandlerMethodMapping$MappingRegistry:543] - Mapped "{[/mlife/admin/web_forum],methods=[GET]}" onto public org.springframework.web.servlet.ModelAndView colin.app.service.mlife.controller.ForumModuleController.showForum()
2016-09-30 15:25:38 [org.springframework.web.servlet.handler.AbstractHandlerMethodMapping$MappingRegistry:543] - Mapped "{[/mlife/admin/add_forum],methods=[POST],produces=[application/json;charset=UTF-8]}" onto public java.lang.Object colin.app.service.mlife.controller.ForumModuleController.addForum(colin.app.service.mlife.controller.wrapper.ForumWrapper)
2016-09-30 15:25:38 [org.springframework.web.servlet.handler.AbstractHandlerMethodMapping$MappingRegistry:543] - Mapped "{[/mlife/admin/list_web_forum],methods=[POST]}" onto public java.lang.Object colin.app.service.mlife.controller.ForumModuleController.listAllForum(int,int)
2016-09-30 15:25:38 [org.springframework.web.servlet.handler.AbstractHandlerMethodMapping$MappingRegistry:543] - Mapped "{[/mlife/admin/add_forum_theme],methods=[POST]}" onto public java.lang.Object colin.app.service.mlife.controller.ForumModuleController.addForumTheme(colin.app.service.mlife.controller.wrapper.ForumThemeWrapper)
2016-09-30 15:25:38 [org.springframework.web.servlet.handler.AbstractHandlerMethodMapping$MappingRegistry:543] - Mapped "{[/mlife/admin/find_all_forum],methods=[POST]}" onto public java.lang.Object colin.app.service.mlife.controller.ForumModuleController.getAllForum()
2016-09-30 15:25:38 [org.springframework.web.servlet.handler.AbstractHandlerMethodMapping$MappingRegistry:543] - Mapped "{[/mlife/admin/web_forum_theme],methods=[GET]}" onto public org.springframework.web.servlet.ModelAndView colin.app.service.mlife.controller.ForumModuleController.showForumTheme()
2016-09-30 15:25:38 [org.springframework.web.servlet.handler.AbstractHandlerMethodMapping$MappingRegistry:543] - Mapped "{[/mlife/admin/edit_forum_theme],methods=[POST]}" onto public java.lang.Object colin.app.service.mlife.controller.ForumModuleController.editForumTheme(colin.app.service.mlife.controller.wrapper.ForumThemeWrapper)
2016-09-30 15:25:38 [org.springframework.web.servlet.handler.AbstractHandlerMethodMapping$MappingRegistry:543] - Mapped "{[/mlife/admin/web_forum_topic],methods=[GET]}" onto public org.springframework.web.servlet.ModelAndView colin.app.service.mlife.controller.ForumModuleController.showForumTopic()
2016-09-30 15:25:38 [org.springframework.web.servlet.handler.AbstractHandlerMethodMapping$MappingRegistry:543] - Mapped "{[/],methods=[GET]}" onto public org.springframework.web.context.request.async.WebAsyncTask<org.springframework.web.servlet.ModelAndView> colin.app.service.mlife.controller.IndexModuleController.showMlifePage()
2016-09-30 15:25:38 [org.springframework.web.servlet.handler.AbstractHandlerMethodMapping$MappingRegistry:543] - Mapped "{[/weichat],methods=[GET]}" onto public org.springframework.web.context.request.async.WebAsyncTask<java.lang.Object> colin.app.service.mlife.controller.IndexModuleController.weiChatValidate(java.lang.String,java.lang.String,java.lang.String,java.lang.String)
2016-09-30 15:25:38 [org.springframework.web.servlet.handler.AbstractHandlerMethodMapping$MappingRegistry:543] - Mapped "{[/mlife/admin/login],methods=[POST]}" onto public org.springframework.web.servlet.ModelAndView colin.app.service.mlife.controller.LoginModuleController.adminLogin(java.lang.String,java.lang.String,javax.servlet.http.HttpSession)
2016-09-30 15:25:38 [org.springframework.web.servlet.handler.AbstractHandlerMethodMapping$MappingRegistry:543] - Mapped "{[/mlife/admin/login],methods=[GET]}" onto public java.lang.String colin.app.service.mlife.controller.LoginModuleController.showLogin()
2016-09-30 15:25:38 [org.springframework.web.servlet.handler.AbstractHandlerMethodMapping$MappingRegistry:543] - Mapped "{[/mlife/admin/crawler_aticle],methods=[GET]}" onto public org.springframework.web.servlet.ModelAndView colin.app.service.mlife.controller.WebCrawlerAticleModuleController.showCrawlerAticlePage()
2016-09-30 15:25:38 [org.springframework.web.servlet.handler.AbstractHandlerMethodMapping$MappingRegistry:543] - Mapped "{[/mlife/admin/crawler_aticle_detail],methods=[GET]}" onto public org.springframework.web.servlet.ModelAndView colin.app.service.mlife.controller.WebCrawlerAticleModuleController.showCrawlerAtcileDetailPage(java.lang.String)
2016-09-30 15:25:38 [org.springframework.web.servlet.handler.AbstractHandlerMethodMapping$MappingRegistry:543] - Mapped "{[/mlife/admin/crawler_aticle_list],methods=[POST]}" onto public org.springframework.web.servlet.ModelAndView colin.app.service.mlife.controller.WebCrawlerAticleModuleController.showCrawlerAticleDigestList(int,int)
2016-09-30 15:25:38 [org.springframework.web.servlet.handler.AbstractHandlerMethodMapping$MappingRegistry:543] - Mapped "{[/mlife/admin/web_crawler],methods=[GET]}" onto public org.springframework.web.servlet.ModelAndView colin.app.service.mlife.controller.WebCrawlerController.showWebCrawler()
2016-09-30 15:25:38 [org.springframework.web.servlet.handler.AbstractHandlerMethodMapping$MappingRegistry:543] - Mapped "{[/mlife/admin/list_web_crawler],methods=[POST]}" onto public java.lang.Object colin.app.service.mlife.controller.WebCrawlerController.listCrawlerUrlInfo(int,int)
2016-09-30 15:25:38 [org.springframework.web.servlet.handler.AbstractHandlerMethodMapping$MappingRegistry:543] - Mapped "{[/mlife/admin/add_crawler_url],methods=[PUT],produces=[application/json;charset=UTF-8]}" onto public java.lang.Object colin.app.service.mlife.controller.WebCrawlerController.addCrawlerUrlInfo(colin.app.service.mlife.controller.wrapper.CrawlerUrlWrapper)
2016-09-30 15:25:38 [org.springframework.web.servlet.handler.AbstractHandlerMethodMapping$MappingRegistry:543] - Mapped "{[/mlife/admin/web_parser],methods=[GET]}" onto public org.springframework.web.servlet.ModelAndView colin.app.service.mlife.controller.WebCrawlerParserModuleController.showWebCrawlerParserPage()
2016-09-30 15:25:38 [org.springframework.web.servlet.handler.AbstractHandlerMethodMapping$MappingRegistry:543] - Mapped "{[/error]}" onto public org.springframework.http.ResponseEntity<java.util.Map<java.lang.String, java.lang.Object>> org.springframework.boot.autoconfigure.web.BasicErrorController.error(javax.servlet.http.HttpServletRequest)
2016-09-30 15:25:38 [org.springframework.web.servlet.handler.AbstractHandlerMethodMapping$MappingRegistry:543] - Mapped "{[/error],produces=[text/html]}" onto public org.springframework.web.servlet.ModelAndView org.springframework.boot.autoconfigure.web.BasicErrorController.errorHtml(javax.servlet.http.HttpServletRequest,javax.servlet.http.HttpServletResponse)
2016-09-30 15:25:38 [org.springframework.web.servlet.handler.AbstractUrlHandlerMapping:354] - Mapped URL path [/webjars/**] onto handler of type [class org.springframework.web.servlet.resource.ResourceHttpRequestHandler]
2016-09-30 15:25:38 [org.springframework.web.servlet.handler.AbstractUrlHandlerMapping:354] - Mapped URL path [/**] onto handler of type [class org.springframework.web.servlet.resource.ResourceHttpRequestHandler]
2016-09-30 15:25:38 [org.springframework.web.servlet.handler.AbstractUrlHandlerMapping:354] - Mapped URL path [/**/favicon.ico] onto handler of type [class org.springframework.web.servlet.resource.ResourceHttpRequestHandler]
2016-09-30 15:25:39 [org.springframework.jmx.export.MBeanExporter:431] - Registering beans for JMX exposure on startup
2016-09-30 15:25:39 [org.springframework.context.support.DefaultLifecycleProcessor$LifecycleGroup:341] - Starting beans in phase 2147483647
2016-09-30 15:25:39 [org.apache.juli.logging.DirectJDKLog:179] - Initializing ProtocolHandler ["http-nio-8181"]
2016-09-30 15:25:39 [org.apache.juli.logging.DirectJDKLog:179] - Starting ProtocolHandler [http-nio-8181]
2016-09-30 15:25:39 [org.apache.juli.logging.DirectJDKLog:179] - Using a shared selector for servlet write/read
2016-09-30 15:25:39 [org.springframework.boot.context.embedded.tomcat.TomcatEmbeddedServletContainer:186] - Tomcat started on port(s): 8181 (http)
2016-09-30 15:25:39 [org.springframework.boot.StartupInfoLogger:57] - Started BootstrapApplication in 8.207 seconds (JVM running for 9.321)
2016-09-30 15:30:00 [com.mongodb.diagnostics.logging.SLF4JLogger:71] - Opened connection [connectionId{localValue:2, serverValue:2272}] to 121.40.144.146:27017
