2016-08-20 07:55:24 [com.mongodb.diagnostics.logging.SLF4JLogger:76] - Exception in monitor thread while connecting to server 121.40.144.146:27017
com.mongodb.MongoSocketOpenException: Exception opening socket
	at com.mongodb.connection.SocketStream.open(SocketStream.java:63)
	at com.mongodb.connection.InternalStreamConnection.open(InternalStreamConnection.java:114)
	at com.mongodb.connection.DefaultServerMonitor$ServerMonitorRunnable.run(DefaultServerMonitor.java:142)
	at java.lang.Thread.run(Thread.java:744)
Caused by: java.net.ConnectException: Network is unreachable
	at java.net.PlainSocketImpl.socketConnect(Native Method)
	at java.net.AbstractPlainSocketImpl.doConnect(AbstractPlainSocketImpl.java:339)
	at java.net.AbstractPlainSocketImpl.connectToAddress(AbstractPlainSocketImpl.java:200)
	at java.net.AbstractPlainSocketImpl.connect(AbstractPlainSocketImpl.java:182)
	at java.net.SocksSocketImpl.connect(SocksSocketImpl.java:392)
	at java.net.Socket.connect(Socket.java:579)
	at com.mongodb.connection.SocketStreamHelper.initialize(SocketStreamHelper.java:50)
	at com.mongodb.connection.SocketStream.open(SocketStream.java:58)
	... 3 common frames omitted
2016-08-20 07:55:54 [com.mongodb.diagnostics.logging.SLF4JLogger:71] - Opened connection [connectionId{localValue:6, serverValue:346}] to 121.40.144.146:27017
2016-08-20 07:55:54 [com.mongodb.diagnostics.logging.SLF4JLogger:71] - Monitor thread successfully connected to server with description ServerDescription{address=121.40.144.146:27017, type=STANDALONE, state=CONNECTED, ok=true, version=ServerVersion{versionList=[3, 2, 3]}, minWireVersion=0, maxWireVersion=4, maxDocumentSize=16777216, roundTripTimeNanos=14341000}
2016-08-20 11:51:42 [com.mongodb.diagnostics.logging.SLF4JLogger:71] - Opened connection [connectionId{localValue:7, serverValue:347}] to 121.40.144.146:27017
2016-08-20 12:55:29 [com.mongodb.diagnostics.logging.SLF4JLogger:71] - Opened connection [connectionId{localValue:8, serverValue:348}] to 121.40.144.146:27017
2016-08-20 13:56:33 [com.mongodb.diagnostics.logging.SLF4JLogger:71] - Opened connection [connectionId{localValue:9, serverValue:351}] to 121.40.144.146:27017
2016-08-20 17:09:53 [com.mongodb.diagnostics.logging.SLF4JLogger:71] - Opened connection [connectionId{localValue:10, serverValue:370}] to 121.40.144.146:27017
2016-08-20 17:35:21 [org.springframework.context.support.AbstractApplicationContext:982] - Closing org.springframework.boot.context.embedded.AnnotationConfigEmbeddedWebApplicationContext@4fe88181: startup date [Fri Aug 19 23:03:52 CST 2016]; root of context hierarchy
2016-08-20 17:35:21 [org.springframework.jmx.export.MBeanExporter:449] - Unregistering JMX-exposed beans on shutdown
2016-08-20 17:35:21 [com.mongodb.diagnostics.logging.SLF4JLogger:71] - Closed connection [connectionId{localValue:2, serverValue:345}] to 121.40.144.146:27017 because there was a socket exception raised on another connection from this pool.
2016-08-20 17:35:29 [org.springframework.boot.StartupInfoLogger:48] - Starting BootstrapApplication on jokerdeMacBook-Air.local with PID 44039 (/Users/joker/IdeaProjects/Mlife/target/classes started by joker in /Users/joker/IdeaProjects/Mlife)
2016-08-20 17:35:29 [org.springframework.boot.SpringApplication:659] - No active profile set, falling back to default profiles: default
2016-08-20 17:35:29 [org.springframework.context.support.AbstractApplicationContext:581] - Refreshing org.springframework.boot.context.embedded.AnnotationConfigEmbeddedWebApplicationContext@2e802eff: startup date [Sat Aug 20 17:35:29 CST 2016]; root of context hierarchy
2016-08-20 17:35:30 [org.hibernate.validator.internal.util.Version:30] - HV000001: Hibernate Validator 5.2.4.Final
2016-08-20 17:35:34 [org.springframework.boot.context.embedded.tomcat.TomcatEmbeddedServletContainer:88] - Tomcat initialized with port(s): 8181 (http)
2016-08-20 17:35:34 [org.apache.juli.logging.DirectJDKLog:179] - Starting service Tomcat
2016-08-20 17:35:34 [org.apache.juli.logging.DirectJDKLog:179] - Starting Servlet Engine: Apache Tomcat/8.5.4
2016-08-20 17:35:35 [org.apache.juli.logging.DirectJDKLog:179] - Initializing Spring embedded WebApplicationContext
2016-08-20 17:35:35 [org.springframework.boot.context.embedded.EmbeddedWebApplicationContext:276] - Root WebApplicationContext: initialization completed in 5222 ms
2016-08-20 17:35:35 [org.springframework.boot.web.servlet.ServletRegistrationBean:190] - Mapping servlet: 'dispatcherServlet' to [/]
2016-08-20 17:35:35 [org.springframework.boot.web.servlet.AbstractFilterRegistrationBean:258] - Mapping filter: 'characterEncodingFilter' to: [/*]
2016-08-20 17:35:35 [org.springframework.boot.web.servlet.AbstractFilterRegistrationBean:258] - Mapping filter: 'hiddenHttpMethodFilter' to: [/*]
2016-08-20 17:35:35 [org.springframework.boot.web.servlet.AbstractFilterRegistrationBean:258] - Mapping filter: 'httpPutFormContentFilter' to: [/*]
2016-08-20 17:35:35 [org.springframework.boot.web.servlet.AbstractFilterRegistrationBean:258] - Mapping filter: 'requestContextFilter' to: [/*]
2016-08-20 17:35:35 [com.mongodb.diagnostics.logging.SLF4JLogger:71] - Cluster created with settings {hosts=[121.40.144.146:27017], mode=MULTIPLE, requiredClusterType=UNKNOWN, serverSelectionTimeout='30000 ms', maxWaitQueueSize=500}
2016-08-20 17:35:35 [com.mongodb.diagnostics.logging.SLF4JLogger:71] - Adding discovered server 121.40.144.146:27017 to client view of cluster
2016-08-20 17:35:35 [com.mongodb.diagnostics.logging.SLF4JLogger:71] - Opened connection [connectionId{localValue:1, serverValue:377}] to 121.40.144.146:27017
2016-08-20 17:35:35 [com.mongodb.diagnostics.logging.SLF4JLogger:71] - Monitor thread successfully connected to server with description ServerDescription{address=121.40.144.146:27017, type=STANDALONE, state=CONNECTED, ok=true, version=ServerVersion{versionList=[3, 2, 3]}, minWireVersion=0, maxWireVersion=4, maxDocumentSize=16777216, roundTripTimeNanos=11259000}
2016-08-20 17:35:35 [com.mongodb.diagnostics.logging.SLF4JLogger:71] - Discovered cluster type of STANDALONE
2016-08-20 17:35:37 [org.springframework.web.servlet.mvc.method.annotation.RequestMappingHandlerAdapter:534] - Looking for @ControllerAdvice: org.springframework.boot.context.embedded.AnnotationConfigEmbeddedWebApplicationContext@2e802eff: startup date [Sat Aug 20 17:35:29 CST 2016]; root of context hierarchy
2016-08-20 17:35:37 [org.springframework.web.servlet.handler.AbstractHandlerMethodMapping$MappingRegistry:543] - Mapped "{[/mlife/admin/dashboard],methods=[GET]}" onto public org.springframework.web.servlet.ModelAndView colin.app.service.mlife.controller.DashboardModuleController.showDashboard(javax.servlet.http.HttpSession)
2016-08-20 17:35:37 [org.springframework.web.servlet.handler.AbstractHandlerMethodMapping$MappingRegistry:543] - Mapped "{[/mlife/admin/index],methods=[GET]}" onto public org.springframework.web.servlet.ModelAndView colin.app.service.mlife.controller.DashboardModuleController.showIndex() throws java.lang.Exception
2016-08-20 17:35:37 [org.springframework.web.servlet.handler.AbstractHandlerMethodMapping$MappingRegistry:543] - Mapped "{[/mlife/admin/logout],methods=[GET]}" onto public org.springframework.web.servlet.ModelAndView colin.app.service.mlife.controller.DashboardModuleController.adminLogout(java.lang.String)
2016-08-20 17:35:37 [org.springframework.web.servlet.handler.AbstractHandlerMethodMapping$MappingRegistry:543] - Mapped "{[/mlife/admin/login],methods=[GET]}" onto public java.lang.String colin.app.service.mlife.controller.LoginModuleController.showLogin()
2016-08-20 17:35:37 [org.springframework.web.servlet.handler.AbstractHandlerMethodMapping$MappingRegistry:543] - Mapped "{[/mlife/admin/login],methods=[POST]}" onto public org.springframework.web.servlet.ModelAndView colin.app.service.mlife.controller.LoginModuleController.adminLogin(java.lang.String,java.lang.String,javax.servlet.http.HttpSession)
2016-08-20 17:35:37 [org.springframework.web.servlet.handler.AbstractHandlerMethodMapping$MappingRegistry:543] - Mapped "{[/mlife/admin/web_crawler],methods=[GET]}" onto public java.lang.String colin.app.service.mlife.controller.WebCrawlerController.showWebCrawler()
2016-08-20 17:35:37 [org.springframework.web.servlet.handler.AbstractHandlerMethodMapping$MappingRegistry:543] - Mapped "{[/error]}" onto public org.springframework.http.ResponseEntity<java.util.Map<java.lang.String, java.lang.Object>> org.springframework.boot.autoconfigure.web.BasicErrorController.error(javax.servlet.http.HttpServletRequest)
2016-08-20 17:35:37 [org.springframework.web.servlet.handler.AbstractHandlerMethodMapping$MappingRegistry:543] - Mapped "{[/error],produces=[text/html]}" onto public org.springframework.web.servlet.ModelAndView org.springframework.boot.autoconfigure.web.BasicErrorController.errorHtml(javax.servlet.http.HttpServletRequest,javax.servlet.http.HttpServletResponse)
2016-08-20 17:35:37 [org.springframework.web.servlet.handler.AbstractUrlHandlerMapping:354] - Mapped URL path [/webjars/**] onto handler of type [class org.springframework.web.servlet.resource.ResourceHttpRequestHandler]
2016-08-20 17:35:37 [org.springframework.web.servlet.handler.AbstractUrlHandlerMapping:354] - Mapped URL path [/**] onto handler of type [class org.springframework.web.servlet.resource.ResourceHttpRequestHandler]
2016-08-20 17:35:37 [org.springframework.web.servlet.handler.AbstractUrlHandlerMapping:354] - Mapped URL path [/**/favicon.ico] onto handler of type [class org.springframework.web.servlet.resource.ResourceHttpRequestHandler]
2016-08-20 17:35:38 [org.springframework.jmx.export.MBeanExporter:431] - Registering beans for JMX exposure on startup
2016-08-20 17:35:38 [org.apache.juli.logging.DirectJDKLog:179] - Initializing ProtocolHandler ["http-nio-8181"]
2016-08-20 17:35:38 [org.apache.juli.logging.DirectJDKLog:179] - Starting ProtocolHandler [http-nio-8181]
2016-08-20 17:35:38 [org.apache.juli.logging.DirectJDKLog:179] - Using a shared selector for servlet write/read
2016-08-20 17:35:38 [org.springframework.boot.context.embedded.tomcat.TomcatEmbeddedServletContainer:186] - Tomcat started on port(s): 8181 (http)
2016-08-20 17:35:38 [org.springframework.boot.StartupInfoLogger:57] - Started BootstrapApplication in 10.888 seconds (JVM running for 12.695)
2016-08-20 17:36:50 [org.apache.juli.logging.DirectJDKLog:179] - Initializing Spring FrameworkServlet 'dispatcherServlet'
2016-08-20 17:36:50 [org.springframework.web.servlet.FrameworkServlet:489] - FrameworkServlet 'dispatcherServlet': initialization started
2016-08-20 17:36:50 [org.springframework.web.servlet.FrameworkServlet:508] - FrameworkServlet 'dispatcherServlet': initialization completed in 45 ms
2016-08-20 17:36:53 [com.mongodb.diagnostics.logging.SLF4JLogger:71] - Opened connection [connectionId{localValue:2, serverValue:378}] to 121.40.144.146:27017
2016-08-20 17:51:58 [org.springframework.context.support.AbstractApplicationContext:982] - Closing org.springframework.boot.context.embedded.AnnotationConfigEmbeddedWebApplicationContext@2e802eff: startup date [Sat Aug 20 17:35:29 CST 2016]; root of context hierarchy
2016-08-20 17:51:58 [org.springframework.jmx.export.MBeanExporter:449] - Unregistering JMX-exposed beans on shutdown
2016-08-20 17:51:58 [com.mongodb.diagnostics.logging.SLF4JLogger:71] - Closed connection [connectionId{localValue:2, serverValue:378}] to 121.40.144.146:27017 because the pool has been closed.
2016-08-20 17:52:03 [org.springframework.boot.StartupInfoLogger:48] - Starting BootstrapApplication on jokerdeMacBook-Air.local with PID 44226 (/Users/joker/IdeaProjects/Mlife/target/classes started by joker in /Users/joker/IdeaProjects/Mlife)
2016-08-20 17:52:03 [org.springframework.boot.SpringApplication:659] - No active profile set, falling back to default profiles: default
2016-08-20 17:52:03 [org.springframework.context.support.AbstractApplicationContext:581] - Refreshing org.springframework.boot.context.embedded.AnnotationConfigEmbeddedWebApplicationContext@9d5cf1b: startup date [Sat Aug 20 17:52:03 CST 2016]; root of context hierarchy
2016-08-20 17:52:03 [org.hibernate.validator.internal.util.Version:30] - HV000001: Hibernate Validator 5.2.4.Final
2016-08-20 17:52:08 [org.springframework.boot.context.embedded.tomcat.TomcatEmbeddedServletContainer:88] - Tomcat initialized with port(s): 8181 (http)
2016-08-20 17:52:08 [org.apache.juli.logging.DirectJDKLog:179] - Starting service Tomcat
2016-08-20 17:52:08 [org.apache.juli.logging.DirectJDKLog:179] - Starting Servlet Engine: Apache Tomcat/8.5.4
2016-08-20 17:52:08 [org.apache.juli.logging.DirectJDKLog:179] - Initializing Spring embedded WebApplicationContext
2016-08-20 17:52:08 [org.springframework.boot.context.embedded.EmbeddedWebApplicationContext:276] - Root WebApplicationContext: initialization completed in 4799 ms
2016-08-20 17:52:08 [org.springframework.boot.web.servlet.ServletRegistrationBean:190] - Mapping servlet: 'dispatcherServlet' to [/]
2016-08-20 17:52:08 [org.springframework.boot.web.servlet.AbstractFilterRegistrationBean:258] - Mapping filter: 'characterEncodingFilter' to: [/*]
2016-08-20 17:52:08 [org.springframework.boot.web.servlet.AbstractFilterRegistrationBean:258] - Mapping filter: 'hiddenHttpMethodFilter' to: [/*]
2016-08-20 17:52:08 [org.springframework.boot.web.servlet.AbstractFilterRegistrationBean:258] - Mapping filter: 'httpPutFormContentFilter' to: [/*]
2016-08-20 17:52:08 [org.springframework.boot.web.servlet.AbstractFilterRegistrationBean:258] - Mapping filter: 'requestContextFilter' to: [/*]
2016-08-20 17:52:09 [com.mongodb.diagnostics.logging.SLF4JLogger:71] - Cluster created with settings {hosts=[121.40.144.146:27017], mode=MULTIPLE, requiredClusterType=UNKNOWN, serverSelectionTimeout='30000 ms', maxWaitQueueSize=500}
2016-08-20 17:52:09 [com.mongodb.diagnostics.logging.SLF4JLogger:71] - Adding discovered server 121.40.144.146:27017 to client view of cluster
2016-08-20 17:52:09 [com.mongodb.diagnostics.logging.SLF4JLogger:71] - Opened connection [connectionId{localValue:1, serverValue:382}] to 121.40.144.146:27017
2016-08-20 17:52:09 [com.mongodb.diagnostics.logging.SLF4JLogger:71] - Monitor thread successfully connected to server with description ServerDescription{address=121.40.144.146:27017, type=STANDALONE, state=CONNECTED, ok=true, version=ServerVersion{versionList=[3, 2, 3]}, minWireVersion=0, maxWireVersion=4, maxDocumentSize=16777216, roundTripTimeNanos=14397000}
2016-08-20 17:52:09 [com.mongodb.diagnostics.logging.SLF4JLogger:71] - Discovered cluster type of STANDALONE
2016-08-20 17:52:11 [org.springframework.web.servlet.mvc.method.annotation.RequestMappingHandlerAdapter:534] - Looking for @ControllerAdvice: org.springframework.boot.context.embedded.AnnotationConfigEmbeddedWebApplicationContext@9d5cf1b: startup date [Sat Aug 20 17:52:03 CST 2016]; root of context hierarchy
2016-08-20 17:52:11 [org.springframework.web.servlet.handler.AbstractHandlerMethodMapping$MappingRegistry:543] - Mapped "{[/mlife/admin/dashboard],methods=[GET]}" onto public org.springframework.web.servlet.ModelAndView colin.app.service.mlife.controller.DashboardModuleController.showDashboard(javax.servlet.http.HttpSession)
2016-08-20 17:52:11 [org.springframework.web.servlet.handler.AbstractHandlerMethodMapping$MappingRegistry:543] - Mapped "{[/mlife/admin/index],methods=[GET]}" onto public org.springframework.web.servlet.ModelAndView colin.app.service.mlife.controller.DashboardModuleController.showIndex() throws java.lang.Exception
2016-08-20 17:52:11 [org.springframework.web.servlet.handler.AbstractHandlerMethodMapping$MappingRegistry:543] - Mapped "{[/mlife/admin/logout],methods=[GET]}" onto public org.springframework.web.servlet.ModelAndView colin.app.service.mlife.controller.DashboardModuleController.adminLogout(java.lang.String)
2016-08-20 17:52:11 [org.springframework.web.servlet.handler.AbstractHandlerMethodMapping$MappingRegistry:543] - Mapped "{[/mlife/admin/login],methods=[GET]}" onto public java.lang.String colin.app.service.mlife.controller.LoginModuleController.showLogin()
2016-08-20 17:52:11 [org.springframework.web.servlet.handler.AbstractHandlerMethodMapping$MappingRegistry:543] - Mapped "{[/mlife/admin/login],methods=[POST]}" onto public org.springframework.web.servlet.ModelAndView colin.app.service.mlife.controller.LoginModuleController.adminLogin(java.lang.String,java.lang.String,javax.servlet.http.HttpSession)
2016-08-20 17:52:11 [org.springframework.web.servlet.handler.AbstractHandlerMethodMapping$MappingRegistry:543] - Mapped "{[/mlife/admin/web_crawler],methods=[GET]}" onto public java.lang.String colin.app.service.mlife.controller.WebCrawlerController.showWebCrawler()
2016-08-20 17:52:11 [org.springframework.web.servlet.handler.AbstractHandlerMethodMapping$MappingRegistry:543] - Mapped "{[/error]}" onto public org.springframework.http.ResponseEntity<java.util.Map<java.lang.String, java.lang.Object>> org.springframework.boot.autoconfigure.web.BasicErrorController.error(javax.servlet.http.HttpServletRequest)
2016-08-20 17:52:11 [org.springframework.web.servlet.handler.AbstractHandlerMethodMapping$MappingRegistry:543] - Mapped "{[/error],produces=[text/html]}" onto public org.springframework.web.servlet.ModelAndView org.springframework.boot.autoconfigure.web.BasicErrorController.errorHtml(javax.servlet.http.HttpServletRequest,javax.servlet.http.HttpServletResponse)
2016-08-20 17:52:11 [org.springframework.web.servlet.handler.AbstractUrlHandlerMapping:354] - Mapped URL path [/webjars/**] onto handler of type [class org.springframework.web.servlet.resource.ResourceHttpRequestHandler]
2016-08-20 17:52:11 [org.springframework.web.servlet.handler.AbstractUrlHandlerMapping:354] - Mapped URL path [/**] onto handler of type [class org.springframework.web.servlet.resource.ResourceHttpRequestHandler]
2016-08-20 17:52:11 [org.springframework.web.servlet.handler.AbstractUrlHandlerMapping:354] - Mapped URL path [/**/favicon.ico] onto handler of type [class org.springframework.web.servlet.resource.ResourceHttpRequestHandler]
2016-08-20 17:52:12 [org.springframework.jmx.export.MBeanExporter:431] - Registering beans for JMX exposure on startup
2016-08-20 17:52:12 [org.apache.juli.logging.DirectJDKLog:179] - Initializing ProtocolHandler ["http-nio-8181"]
2016-08-20 17:52:12 [org.apache.juli.logging.DirectJDKLog:179] - Starting ProtocolHandler [http-nio-8181]
2016-08-20 17:52:12 [org.apache.juli.logging.DirectJDKLog:179] - Using a shared selector for servlet write/read
2016-08-20 17:52:12 [org.springframework.boot.context.embedded.tomcat.TomcatEmbeddedServletContainer:186] - Tomcat started on port(s): 8181 (http)
2016-08-20 17:52:12 [org.springframework.boot.StartupInfoLogger:57] - Started BootstrapApplication in 9.988 seconds (JVM running for 12.166)
2016-08-20 17:52:44 [org.apache.juli.logging.DirectJDKLog:179] - Initializing Spring FrameworkServlet 'dispatcherServlet'
2016-08-20 17:52:44 [org.springframework.web.servlet.FrameworkServlet:489] - FrameworkServlet 'dispatcherServlet': initialization started
2016-08-20 17:52:45 [org.springframework.web.servlet.FrameworkServlet:508] - FrameworkServlet 'dispatcherServlet': initialization completed in 68 ms
2016-08-20 17:52:48 [com.mongodb.diagnostics.logging.SLF4JLogger:71] - Opened connection [connectionId{localValue:2, serverValue:383}] to 121.40.144.146:27017
2016-08-20 19:08:23 [com.mongodb.diagnostics.logging.SLF4JLogger:71] - Opened connection [connectionId{localValue:3, serverValue:436}] to 121.40.144.146:27017
2016-08-20 19:12:28 [org.springframework.context.support.AbstractApplicationContext:982] - Closing org.springframework.boot.context.embedded.AnnotationConfigEmbeddedWebApplicationContext@9d5cf1b: startup date [Sat Aug 20 17:52:03 CST 2016]; root of context hierarchy
2016-08-20 19:12:28 [org.springframework.jmx.export.MBeanExporter:449] - Unregistering JMX-exposed beans on shutdown
2016-08-20 19:12:28 [com.mongodb.diagnostics.logging.SLF4JLogger:71] - Closed connection [connectionId{localValue:2, serverValue:383}] to 121.40.144.146:27017 because there was a socket exception raised on another connection from this pool.
2016-08-20 19:12:33 [org.springframework.boot.StartupInfoLogger:48] - Starting BootstrapApplication on jokerdeMacBook-Air.local with PID 44373 (/Users/joker/IdeaProjects/Mlife/target/classes started by joker in /Users/joker/IdeaProjects/Mlife)
2016-08-20 19:12:33 [org.springframework.boot.SpringApplication:659] - No active profile set, falling back to default profiles: default
2016-08-20 19:12:33 [org.springframework.context.support.AbstractApplicationContext:581] - Refreshing org.springframework.boot.context.embedded.AnnotationConfigEmbeddedWebApplicationContext@4391f225: startup date [Sat Aug 20 19:12:33 CST 2016]; root of context hierarchy
2016-08-20 19:12:34 [org.hibernate.validator.internal.util.Version:30] - HV000001: Hibernate Validator 5.2.4.Final
2016-08-20 19:12:38 [org.springframework.boot.context.embedded.tomcat.TomcatEmbeddedServletContainer:88] - Tomcat initialized with port(s): 8181 (http)
2016-08-20 19:12:38 [org.apache.juli.logging.DirectJDKLog:179] - Starting service Tomcat
2016-08-20 19:12:38 [org.apache.juli.logging.DirectJDKLog:179] - Starting Servlet Engine: Apache Tomcat/8.5.4
2016-08-20 19:12:39 [org.apache.juli.logging.DirectJDKLog:179] - Initializing Spring embedded WebApplicationContext
2016-08-20 19:12:39 [org.springframework.boot.context.embedded.EmbeddedWebApplicationContext:276] - Root WebApplicationContext: initialization completed in 5181 ms
2016-08-20 19:12:39 [org.springframework.boot.web.servlet.ServletRegistrationBean:190] - Mapping servlet: 'dispatcherServlet' to [/]
2016-08-20 19:12:39 [org.springframework.boot.web.servlet.AbstractFilterRegistrationBean:258] - Mapping filter: 'characterEncodingFilter' to: [/*]
2016-08-20 19:12:39 [org.springframework.boot.web.servlet.AbstractFilterRegistrationBean:258] - Mapping filter: 'hiddenHttpMethodFilter' to: [/*]
2016-08-20 19:12:39 [org.springframework.boot.web.servlet.AbstractFilterRegistrationBean:258] - Mapping filter: 'httpPutFormContentFilter' to: [/*]
2016-08-20 19:12:39 [org.springframework.boot.web.servlet.AbstractFilterRegistrationBean:258] - Mapping filter: 'requestContextFilter' to: [/*]
2016-08-20 19:12:39 [com.mongodb.diagnostics.logging.SLF4JLogger:71] - Cluster created with settings {hosts=[121.40.144.146:27017], mode=MULTIPLE, requiredClusterType=UNKNOWN, serverSelectionTimeout='30000 ms', maxWaitQueueSize=500}
2016-08-20 19:12:39 [com.mongodb.diagnostics.logging.SLF4JLogger:71] - Adding discovered server 121.40.144.146:27017 to client view of cluster
2016-08-20 19:12:39 [com.mongodb.diagnostics.logging.SLF4JLogger:71] - Opened connection [connectionId{localValue:1, serverValue:437}] to 121.40.144.146:27017
2016-08-20 19:12:39 [com.mongodb.diagnostics.logging.SLF4JLogger:71] - Monitor thread successfully connected to server with description ServerDescription{address=121.40.144.146:27017, type=STANDALONE, state=CONNECTED, ok=true, version=ServerVersion{versionList=[3, 2, 3]}, minWireVersion=0, maxWireVersion=4, maxDocumentSize=16777216, roundTripTimeNanos=7234000}
2016-08-20 19:12:39 [com.mongodb.diagnostics.logging.SLF4JLogger:71] - Discovered cluster type of STANDALONE
2016-08-20 19:12:41 [org.springframework.web.servlet.mvc.method.annotation.RequestMappingHandlerAdapter:534] - Looking for @ControllerAdvice: org.springframework.boot.context.embedded.AnnotationConfigEmbeddedWebApplicationContext@4391f225: startup date [Sat Aug 20 19:12:33 CST 2016]; root of context hierarchy
2016-08-20 19:12:41 [org.springframework.web.servlet.handler.AbstractHandlerMethodMapping$MappingRegistry:543] - Mapped "{[/mlife/admin/dashboard],methods=[GET]}" onto public org.springframework.web.servlet.ModelAndView colin.app.service.mlife.controller.DashboardModuleController.showDashboard(javax.servlet.http.HttpSession)
2016-08-20 19:12:41 [org.springframework.web.servlet.handler.AbstractHandlerMethodMapping$MappingRegistry:543] - Mapped "{[/mlife/admin/index],methods=[GET]}" onto public org.springframework.web.servlet.ModelAndView colin.app.service.mlife.controller.DashboardModuleController.showIndex() throws java.lang.Exception
2016-08-20 19:12:41 [org.springframework.web.servlet.handler.AbstractHandlerMethodMapping$MappingRegistry:543] - Mapped "{[/mlife/admin/logout],methods=[GET]}" onto public org.springframework.web.servlet.ModelAndView colin.app.service.mlife.controller.DashboardModuleController.adminLogout(java.lang.String)
2016-08-20 19:12:41 [org.springframework.web.servlet.handler.AbstractHandlerMethodMapping$MappingRegistry:543] - Mapped "{[/mlife/admin/login],methods=[GET]}" onto public java.lang.String colin.app.service.mlife.controller.LoginModuleController.showLogin()
2016-08-20 19:12:41 [org.springframework.web.servlet.handler.AbstractHandlerMethodMapping$MappingRegistry:543] - Mapped "{[/mlife/admin/login],methods=[POST]}" onto public org.springframework.web.servlet.ModelAndView colin.app.service.mlife.controller.LoginModuleController.adminLogin(java.lang.String,java.lang.String,javax.servlet.http.HttpSession)
2016-08-20 19:12:41 [org.springframework.web.servlet.handler.AbstractHandlerMethodMapping$MappingRegistry:543] - Mapped "{[/mlife/admin/web_crawler],methods=[GET]}" onto public java.lang.String colin.app.service.mlife.controller.WebCrawlerController.showWebCrawler()
2016-08-20 19:12:41 [org.springframework.web.servlet.handler.AbstractHandlerMethodMapping$MappingRegistry:543] - Mapped "{[/error]}" onto public org.springframework.http.ResponseEntity<java.util.Map<java.lang.String, java.lang.Object>> org.springframework.boot.autoconfigure.web.BasicErrorController.error(javax.servlet.http.HttpServletRequest)
2016-08-20 19:12:41 [org.springframework.web.servlet.handler.AbstractHandlerMethodMapping$MappingRegistry:543] - Mapped "{[/error],produces=[text/html]}" onto public org.springframework.web.servlet.ModelAndView org.springframework.boot.autoconfigure.web.BasicErrorController.errorHtml(javax.servlet.http.HttpServletRequest,javax.servlet.http.HttpServletResponse)
2016-08-20 19:12:41 [org.springframework.web.servlet.handler.AbstractUrlHandlerMapping:354] - Mapped URL path [/webjars/**] onto handler of type [class org.springframework.web.servlet.resource.ResourceHttpRequestHandler]
2016-08-20 19:12:41 [org.springframework.web.servlet.handler.AbstractUrlHandlerMapping:354] - Mapped URL path [/**] onto handler of type [class org.springframework.web.servlet.resource.ResourceHttpRequestHandler]
2016-08-20 19:12:41 [org.springframework.web.servlet.handler.AbstractUrlHandlerMapping:354] - Mapped URL path [/**/favicon.ico] onto handler of type [class org.springframework.web.servlet.resource.ResourceHttpRequestHandler]
2016-08-20 19:12:41 [org.springframework.jmx.export.MBeanExporter:431] - Registering beans for JMX exposure on startup
2016-08-20 19:12:42 [org.apache.juli.logging.DirectJDKLog:179] - Initializing ProtocolHandler ["http-nio-8181"]
2016-08-20 19:12:42 [org.apache.juli.logging.DirectJDKLog:179] - Starting ProtocolHandler [http-nio-8181]
2016-08-20 19:12:42 [org.apache.juli.logging.DirectJDKLog:179] - Using a shared selector for servlet write/read
2016-08-20 19:12:42 [org.springframework.boot.context.embedded.tomcat.TomcatEmbeddedServletContainer:186] - Tomcat started on port(s): 8181 (http)
2016-08-20 19:12:42 [org.springframework.boot.StartupInfoLogger:57] - Started BootstrapApplication in 10.003 seconds (JVM running for 12.314)
2016-08-20 19:13:12 [org.apache.juli.logging.DirectJDKLog:179] - Initializing Spring FrameworkServlet 'dispatcherServlet'
2016-08-20 19:13:12 [org.springframework.web.servlet.FrameworkServlet:489] - FrameworkServlet 'dispatcherServlet': initialization started
2016-08-20 19:13:12 [org.springframework.web.servlet.FrameworkServlet:508] - FrameworkServlet 'dispatcherServlet': initialization completed in 24 ms
2016-08-20 19:13:15 [com.mongodb.diagnostics.logging.SLF4JLogger:71] - Opened connection [connectionId{localValue:2, serverValue:438}] to 121.40.144.146:27017
2016-08-20 19:45:39 [org.springframework.context.support.AbstractApplicationContext:982] - Closing org.springframework.boot.context.embedded.AnnotationConfigEmbeddedWebApplicationContext@4391f225: startup date [Sat Aug 20 19:12:33 CST 2016]; root of context hierarchy
2016-08-20 19:45:39 [org.springframework.jmx.export.MBeanExporter:449] - Unregistering JMX-exposed beans on shutdown
2016-08-20 19:45:39 [com.mongodb.diagnostics.logging.SLF4JLogger:71] - Closed connection [connectionId{localValue:2, serverValue:438}] to 121.40.144.146:27017 because the pool has been closed.
2016-08-20 19:45:46 [org.springframework.boot.StartupInfoLogger:48] - Starting BootstrapApplication on jokerdeMacBook-Air.local with PID 44954 (/Users/joker/IdeaProjects/Mlife/target/classes started by joker in /Users/joker/IdeaProjects/Mlife)
2016-08-20 19:45:46 [org.springframework.boot.SpringApplication:659] - No active profile set, falling back to default profiles: default
2016-08-20 19:45:47 [org.springframework.context.support.AbstractApplicationContext:581] - Refreshing org.springframework.boot.context.embedded.AnnotationConfigEmbeddedWebApplicationContext@22b07dcb: startup date [Sat Aug 20 19:45:47 CST 2016]; root of context hierarchy
2016-08-20 19:45:47 [org.hibernate.validator.internal.util.Version:30] - HV000001: Hibernate Validator 5.2.4.Final
2016-08-20 19:45:51 [org.springframework.boot.context.embedded.tomcat.TomcatEmbeddedServletContainer:88] - Tomcat initialized with port(s): 8181 (http)
2016-08-20 19:45:51 [org.apache.juli.logging.DirectJDKLog:179] - Starting service Tomcat
2016-08-20 19:45:51 [org.apache.juli.logging.DirectJDKLog:179] - Starting Servlet Engine: Apache Tomcat/8.5.4
2016-08-20 19:45:51 [org.apache.juli.logging.DirectJDKLog:179] - Initializing Spring embedded WebApplicationContext
2016-08-20 19:45:51 [org.springframework.boot.context.embedded.EmbeddedWebApplicationContext:276] - Root WebApplicationContext: initialization completed in 4688 ms
2016-08-20 19:45:52 [org.springframework.boot.web.servlet.ServletRegistrationBean:190] - Mapping servlet: 'dispatcherServlet' to [/]
2016-08-20 19:45:52 [org.springframework.boot.web.servlet.AbstractFilterRegistrationBean:258] - Mapping filter: 'characterEncodingFilter' to: [/*]
2016-08-20 19:45:52 [org.springframework.boot.web.servlet.AbstractFilterRegistrationBean:258] - Mapping filter: 'hiddenHttpMethodFilter' to: [/*]
2016-08-20 19:45:52 [org.springframework.boot.web.servlet.AbstractFilterRegistrationBean:258] - Mapping filter: 'httpPutFormContentFilter' to: [/*]
2016-08-20 19:45:52 [org.springframework.boot.web.servlet.AbstractFilterRegistrationBean:258] - Mapping filter: 'requestContextFilter' to: [/*]
2016-08-20 19:45:52 [com.mongodb.diagnostics.logging.SLF4JLogger:71] - Cluster created with settings {hosts=[121.40.144.146:27017], mode=MULTIPLE, requiredClusterType=UNKNOWN, serverSelectionTimeout='30000 ms', maxWaitQueueSize=500}
2016-08-20 19:45:52 [com.mongodb.diagnostics.logging.SLF4JLogger:71] - Adding discovered server 121.40.144.146:27017 to client view of cluster
2016-08-20 19:45:52 [com.mongodb.diagnostics.logging.SLF4JLogger:71] - Opened connection [connectionId{localValue:1, serverValue:446}] to 121.40.144.146:27017
2016-08-20 19:45:52 [com.mongodb.diagnostics.logging.SLF4JLogger:71] - Monitor thread successfully connected to server with description ServerDescription{address=121.40.144.146:27017, type=STANDALONE, state=CONNECTED, ok=true, version=ServerVersion{versionList=[3, 2, 3]}, minWireVersion=0, maxWireVersion=4, maxDocumentSize=16777216, roundTripTimeNanos=7240000}
2016-08-20 19:45:52 [com.mongodb.diagnostics.logging.SLF4JLogger:71] - Discovered cluster type of STANDALONE
2016-08-20 19:45:54 [org.springframework.web.servlet.mvc.method.annotation.RequestMappingHandlerAdapter:534] - Looking for @ControllerAdvice: org.springframework.boot.context.embedded.AnnotationConfigEmbeddedWebApplicationContext@22b07dcb: startup date [Sat Aug 20 19:45:47 CST 2016]; root of context hierarchy
2016-08-20 19:45:54 [org.springframework.web.servlet.handler.AbstractHandlerMethodMapping$MappingRegistry:543] - Mapped "{[/mlife/admin/dashboard],methods=[GET]}" onto public org.springframework.web.servlet.ModelAndView colin.app.service.mlife.controller.DashboardModuleController.showDashboard(javax.servlet.http.HttpSession)
2016-08-20 19:45:54 [org.springframework.web.servlet.handler.AbstractHandlerMethodMapping$MappingRegistry:543] - Mapped "{[/mlife/admin/index],methods=[GET]}" onto public org.springframework.web.servlet.ModelAndView colin.app.service.mlife.controller.DashboardModuleController.showIndex() throws java.lang.Exception
2016-08-20 19:45:54 [org.springframework.web.servlet.handler.AbstractHandlerMethodMapping$MappingRegistry:543] - Mapped "{[/mlife/admin/logout],methods=[GET]}" onto public org.springframework.web.servlet.ModelAndView colin.app.service.mlife.controller.DashboardModuleController.adminLogout(java.lang.String)
2016-08-20 19:45:54 [org.springframework.web.servlet.handler.AbstractHandlerMethodMapping$MappingRegistry:543] - Mapped "{[/error/ie],methods=[GET]}" onto public java.lang.String colin.app.service.mlife.controller.ExceptionModuleController.showError()
2016-08-20 19:45:54 [org.springframework.web.servlet.handler.AbstractHandlerMethodMapping$MappingRegistry:543] - Mapped "{[/mlife/admin/login],methods=[GET]}" onto public java.lang.String colin.app.service.mlife.controller.LoginModuleController.showLogin()
2016-08-20 19:45:54 [org.springframework.web.servlet.handler.AbstractHandlerMethodMapping$MappingRegistry:543] - Mapped "{[/mlife/admin/login],methods=[POST]}" onto public org.springframework.web.servlet.ModelAndView colin.app.service.mlife.controller.LoginModuleController.adminLogin(java.lang.String,java.lang.String,javax.servlet.http.HttpSession)
2016-08-20 19:45:54 [org.springframework.web.servlet.handler.AbstractHandlerMethodMapping$MappingRegistry:543] - Mapped "{[/mlife/admin/web_crawler],methods=[GET]}" onto public org.springframework.web.servlet.ModelAndView colin.app.service.mlife.controller.WebCrawlerController.showWebCrawler()
2016-08-20 19:45:54 [org.springframework.web.servlet.handler.AbstractHandlerMethodMapping$MappingRegistry:543] - Mapped "{[/error]}" onto public org.springframework.http.ResponseEntity<java.util.Map<java.lang.String, java.lang.Object>> org.springframework.boot.autoconfigure.web.BasicErrorController.error(javax.servlet.http.HttpServletRequest)
2016-08-20 19:45:54 [org.springframework.web.servlet.handler.AbstractHandlerMethodMapping$MappingRegistry:543] - Mapped "{[/error],produces=[text/html]}" onto public org.springframework.web.servlet.ModelAndView org.springframework.boot.autoconfigure.web.BasicErrorController.errorHtml(javax.servlet.http.HttpServletRequest,javax.servlet.http.HttpServletResponse)
2016-08-20 19:45:54 [org.springframework.web.servlet.handler.AbstractUrlHandlerMapping:354] - Mapped URL path [/webjars/**] onto handler of type [class org.springframework.web.servlet.resource.ResourceHttpRequestHandler]
2016-08-20 19:45:54 [org.springframework.web.servlet.handler.AbstractUrlHandlerMapping:354] - Mapped URL path [/**] onto handler of type [class org.springframework.web.servlet.resource.ResourceHttpRequestHandler]
2016-08-20 19:45:54 [org.springframework.web.servlet.handler.AbstractUrlHandlerMapping:354] - Mapped URL path [/**/favicon.ico] onto handler of type [class org.springframework.web.servlet.resource.ResourceHttpRequestHandler]
2016-08-20 19:45:55 [org.springframework.jmx.export.MBeanExporter:431] - Registering beans for JMX exposure on startup
2016-08-20 19:45:55 [org.apache.juli.logging.DirectJDKLog:179] - Initializing ProtocolHandler ["http-nio-8181"]
2016-08-20 19:45:55 [org.apache.juli.logging.DirectJDKLog:179] - Starting ProtocolHandler [http-nio-8181]
2016-08-20 19:45:55 [org.apache.juli.logging.DirectJDKLog:179] - Using a shared selector for servlet write/read
2016-08-20 19:45:55 [org.springframework.boot.context.embedded.tomcat.TomcatEmbeddedServletContainer:186] - Tomcat started on port(s): 8181 (http)
2016-08-20 19:45:55 [org.springframework.boot.StartupInfoLogger:57] - Started BootstrapApplication in 9.796 seconds (JVM running for 11.727)
2016-08-20 19:46:09 [org.apache.juli.logging.DirectJDKLog:179] - Initializing Spring FrameworkServlet 'dispatcherServlet'
2016-08-20 19:46:09 [org.springframework.web.servlet.FrameworkServlet:489] - FrameworkServlet 'dispatcherServlet': initialization started
2016-08-20 19:46:09 [org.springframework.web.servlet.FrameworkServlet:508] - FrameworkServlet 'dispatcherServlet': initialization completed in 33 ms
2016-08-20 19:46:12 [com.mongodb.diagnostics.logging.SLF4JLogger:71] - Opened connection [connectionId{localValue:2, serverValue:447}] to 121.40.144.146:27017
2016-08-20 19:47:08 [org.springframework.context.support.AbstractApplicationContext:982] - Closing org.springframework.boot.context.embedded.AnnotationConfigEmbeddedWebApplicationContext@22b07dcb: startup date [Sat Aug 20 19:45:47 CST 2016]; root of context hierarchy
2016-08-20 19:47:08 [org.springframework.jmx.export.MBeanExporter:449] - Unregistering JMX-exposed beans on shutdown
2016-08-20 19:47:08 [com.mongodb.diagnostics.logging.SLF4JLogger:71] - Closed connection [connectionId{localValue:2, serverValue:447}] to 121.40.144.146:27017 because the pool has been closed.
2016-08-20 19:47:12 [org.springframework.boot.StartupInfoLogger:48] - Starting BootstrapApplication on jokerdeMacBook-Air.local with PID 44959 (/Users/joker/IdeaProjects/Mlife/target/classes started by joker in /Users/joker/IdeaProjects/Mlife)
2016-08-20 19:47:12 [org.springframework.boot.SpringApplication:659] - No active profile set, falling back to default profiles: default
2016-08-20 19:47:13 [org.springframework.context.support.AbstractApplicationContext:581] - Refreshing org.springframework.boot.context.embedded.AnnotationConfigEmbeddedWebApplicationContext@73dd9a09: startup date [Sat Aug 20 19:47:13 CST 2016]; root of context hierarchy
2016-08-20 19:47:13 [org.hibernate.validator.internal.util.Version:30] - HV000001: Hibernate Validator 5.2.4.Final
2016-08-20 19:47:17 [org.springframework.boot.context.embedded.tomcat.TomcatEmbeddedServletContainer:88] - Tomcat initialized with port(s): 8181 (http)
2016-08-20 19:47:17 [org.apache.juli.logging.DirectJDKLog:179] - Starting service Tomcat
2016-08-20 19:47:17 [org.apache.juli.logging.DirectJDKLog:179] - Starting Servlet Engine: Apache Tomcat/8.5.4
2016-08-20 19:47:17 [org.apache.juli.logging.DirectJDKLog:179] - Initializing Spring embedded WebApplicationContext
2016-08-20 19:47:17 [org.springframework.boot.context.embedded.EmbeddedWebApplicationContext:276] - Root WebApplicationContext: initialization completed in 4688 ms
2016-08-20 19:47:18 [org.springframework.boot.web.servlet.ServletRegistrationBean:190] - Mapping servlet: 'dispatcherServlet' to [/]
2016-08-20 19:47:18 [org.springframework.boot.web.servlet.AbstractFilterRegistrationBean:258] - Mapping filter: 'characterEncodingFilter' to: [/*]
2016-08-20 19:47:18 [org.springframework.boot.web.servlet.AbstractFilterRegistrationBean:258] - Mapping filter: 'hiddenHttpMethodFilter' to: [/*]
2016-08-20 19:47:18 [org.springframework.boot.web.servlet.AbstractFilterRegistrationBean:258] - Mapping filter: 'httpPutFormContentFilter' to: [/*]
2016-08-20 19:47:18 [org.springframework.boot.web.servlet.AbstractFilterRegistrationBean:258] - Mapping filter: 'requestContextFilter' to: [/*]
2016-08-20 19:47:18 [com.mongodb.diagnostics.logging.SLF4JLogger:71] - Cluster created with settings {hosts=[121.40.144.146:27017], mode=MULTIPLE, requiredClusterType=UNKNOWN, serverSelectionTimeout='30000 ms', maxWaitQueueSize=500}
2016-08-20 19:47:18 [com.mongodb.diagnostics.logging.SLF4JLogger:71] - Adding discovered server 121.40.144.146:27017 to client view of cluster
2016-08-20 19:47:18 [com.mongodb.diagnostics.logging.SLF4JLogger:71] - Opened connection [connectionId{localValue:1, serverValue:448}] to 121.40.144.146:27017
2016-08-20 19:47:18 [com.mongodb.diagnostics.logging.SLF4JLogger:71] - Monitor thread successfully connected to server with description ServerDescription{address=121.40.144.146:27017, type=STANDALONE, state=CONNECTED, ok=true, version=ServerVersion{versionList=[3, 2, 3]}, minWireVersion=0, maxWireVersion=4, maxDocumentSize=16777216, roundTripTimeNanos=9284000}
2016-08-20 19:47:18 [com.mongodb.diagnostics.logging.SLF4JLogger:71] - Discovered cluster type of STANDALONE
2016-08-20 19:47:19 [org.springframework.web.servlet.mvc.method.annotation.RequestMappingHandlerAdapter:534] - Looking for @ControllerAdvice: org.springframework.boot.context.embedded.AnnotationConfigEmbeddedWebApplicationContext@73dd9a09: startup date [Sat Aug 20 19:47:13 CST 2016]; root of context hierarchy
2016-08-20 19:47:20 [org.springframework.web.servlet.handler.AbstractHandlerMethodMapping$MappingRegistry:543] - Mapped "{[/mlife/admin/dashboard],methods=[GET]}" onto public org.springframework.web.servlet.ModelAndView colin.app.service.mlife.controller.DashboardModuleController.showDashboard(javax.servlet.http.HttpSession)
2016-08-20 19:47:20 [org.springframework.web.servlet.handler.AbstractHandlerMethodMapping$MappingRegistry:543] - Mapped "{[/mlife/admin/index],methods=[GET]}" onto public org.springframework.web.servlet.ModelAndView colin.app.service.mlife.controller.DashboardModuleController.showIndex() throws java.lang.Exception
2016-08-20 19:47:20 [org.springframework.web.servlet.handler.AbstractHandlerMethodMapping$MappingRegistry:543] - Mapped "{[/mlife/admin/logout],methods=[GET]}" onto public org.springframework.web.servlet.ModelAndView colin.app.service.mlife.controller.DashboardModuleController.adminLogout(java.lang.String)
2016-08-20 19:47:20 [org.springframework.web.servlet.handler.AbstractHandlerMethodMapping$MappingRegistry:543] - Mapped "{[/error/ie],methods=[GET]}" onto public java.lang.String colin.app.service.mlife.controller.ExceptionModuleController.showError()
2016-08-20 19:47:20 [org.springframework.web.servlet.handler.AbstractHandlerMethodMapping$MappingRegistry:543] - Mapped "{[/mlife/admin/login],methods=[GET]}" onto public java.lang.String colin.app.service.mlife.controller.LoginModuleController.showLogin()
2016-08-20 19:47:20 [org.springframework.web.servlet.handler.AbstractHandlerMethodMapping$MappingRegistry:543] - Mapped "{[/mlife/admin/login],methods=[POST]}" onto public org.springframework.web.servlet.ModelAndView colin.app.service.mlife.controller.LoginModuleController.adminLogin(java.lang.String,java.lang.String,javax.servlet.http.HttpSession)
2016-08-20 19:47:20 [org.springframework.web.servlet.handler.AbstractHandlerMethodMapping$MappingRegistry:543] - Mapped "{[/mlife/admin/web_crawler],methods=[GET]}" onto public org.springframework.web.servlet.ModelAndView colin.app.service.mlife.controller.WebCrawlerController.showWebCrawler()
2016-08-20 19:47:20 [org.springframework.web.servlet.handler.AbstractHandlerMethodMapping$MappingRegistry:543] - Mapped "{[/error]}" onto public org.springframework.http.ResponseEntity<java.util.Map<java.lang.String, java.lang.Object>> org.springframework.boot.autoconfigure.web.BasicErrorController.error(javax.servlet.http.HttpServletRequest)
2016-08-20 19:47:20 [org.springframework.web.servlet.handler.AbstractHandlerMethodMapping$MappingRegistry:543] - Mapped "{[/error],produces=[text/html]}" onto public org.springframework.web.servlet.ModelAndView org.springframework.boot.autoconfigure.web.BasicErrorController.errorHtml(javax.servlet.http.HttpServletRequest,javax.servlet.http.HttpServletResponse)
2016-08-20 19:47:20 [org.springframework.web.servlet.handler.AbstractUrlHandlerMapping:354] - Mapped URL path [/webjars/**] onto handler of type [class org.springframework.web.servlet.resource.ResourceHttpRequestHandler]
2016-08-20 19:47:20 [org.springframework.web.servlet.handler.AbstractUrlHandlerMapping:354] - Mapped URL path [/**] onto handler of type [class org.springframework.web.servlet.resource.ResourceHttpRequestHandler]
2016-08-20 19:47:20 [org.springframework.web.servlet.handler.AbstractUrlHandlerMapping:354] - Mapped URL path [/**/favicon.ico] onto handler of type [class org.springframework.web.servlet.resource.ResourceHttpRequestHandler]
2016-08-20 19:47:20 [org.springframework.jmx.export.MBeanExporter:431] - Registering beans for JMX exposure on startup
2016-08-20 19:47:21 [org.apache.juli.logging.DirectJDKLog:179] - Initializing ProtocolHandler ["http-nio-8181"]
2016-08-20 19:47:21 [org.apache.juli.logging.DirectJDKLog:179] - Starting ProtocolHandler [http-nio-8181]
2016-08-20 19:47:21 [org.apache.juli.logging.DirectJDKLog:179] - Using a shared selector for servlet write/read
2016-08-20 19:47:21 [org.springframework.boot.context.embedded.tomcat.TomcatEmbeddedServletContainer:186] - Tomcat started on port(s): 8181 (http)
2016-08-20 19:47:21 [org.springframework.boot.StartupInfoLogger:57] - Started BootstrapApplication in 9.55 seconds (JVM running for 10.894)
2016-08-20 19:47:27 [org.apache.juli.logging.DirectJDKLog:179] - Initializing Spring FrameworkServlet 'dispatcherServlet'
2016-08-20 19:47:27 [org.springframework.web.servlet.FrameworkServlet:489] - FrameworkServlet 'dispatcherServlet': initialization started
2016-08-20 19:47:27 [org.springframework.web.servlet.FrameworkServlet:508] - FrameworkServlet 'dispatcherServlet': initialization completed in 19 ms
2016-08-20 19:47:30 [com.mongodb.diagnostics.logging.SLF4JLogger:71] - Opened connection [connectionId{localValue:2, serverValue:449}] to 121.40.144.146:27017
2016-08-20 22:43:51 [org.springframework.context.support.AbstractApplicationContext:982] - Closing org.springframework.boot.context.embedded.AnnotationConfigEmbeddedWebApplicationContext@73dd9a09: startup date [Sat Aug 20 19:47:13 CST 2016]; root of context hierarchy
2016-08-20 22:43:51 [org.springframework.jmx.export.MBeanExporter:449] - Unregistering JMX-exposed beans on shutdown
2016-08-20 22:43:51 [com.mongodb.diagnostics.logging.SLF4JLogger:71] - Closed connection [connectionId{localValue:2, serverValue:449}] to 121.40.144.146:27017 because the pool has been closed.
