2016-08-31 16:43:32 [org.springframework.boot.StartupInfoLogger:48] - Starting BootstrapApplication on LP-IM-LQ with PID 15288 (G:\opensource\Mlife\target\classes started by Administrator in G:\opensource\Mlife)
2016-08-31 16:43:32 [org.springframework.boot.SpringApplication:659] - No active profile set, falling back to default profiles: default
2016-08-31 16:43:32 [org.springframework.context.support.AbstractApplicationContext:581] - Refreshing org.springframework.boot.context.embedded.AnnotationConfigEmbeddedWebApplicationContext@37fa3ed9: startup date [Wed Aug 31 16:43:32 CST 2016]; root of context hierarchy
2016-08-31 16:43:33 [org.hibernate.validator.internal.util.Version:30] - HV000001: Hibernate Validator 5.2.4.Final
2016-08-31 16:43:36 [org.springframework.boot.context.embedded.tomcat.TomcatEmbeddedServletContainer:88] - Tomcat initialized with port(s): 8181 (http)
2016-08-31 16:43:36 [org.apache.juli.logging.DirectJDKLog:179] - Starting service Tomcat
2016-08-31 16:43:36 [org.apache.juli.logging.DirectJDKLog:179] - Starting Servlet Engine: Apache Tomcat/8.5.4
2016-08-31 16:43:36 [org.apache.juli.logging.DirectJDKLog:179] - Initializing Spring embedded WebApplicationContext
2016-08-31 16:43:36 [org.springframework.boot.context.embedded.EmbeddedWebApplicationContext:276] - Root WebApplicationContext: initialization completed in 3881 ms
2016-08-31 16:43:36 [org.springframework.boot.web.servlet.ServletRegistrationBean:190] - Mapping servlet: 'dispatcherServlet' to [/]
2016-08-31 16:43:36 [org.springframework.boot.web.servlet.AbstractFilterRegistrationBean:258] - Mapping filter: 'characterEncodingFilter' to: [/*]
2016-08-31 16:43:36 [org.springframework.boot.web.servlet.AbstractFilterRegistrationBean:258] - Mapping filter: 'hiddenHttpMethodFilter' to: [/*]
2016-08-31 16:43:36 [org.springframework.boot.web.servlet.AbstractFilterRegistrationBean:258] - Mapping filter: 'httpPutFormContentFilter' to: [/*]
2016-08-31 16:43:36 [org.springframework.boot.web.servlet.AbstractFilterRegistrationBean:258] - Mapping filter: 'requestContextFilter' to: [/*]
2016-08-31 16:43:37 [com.mongodb.diagnostics.logging.SLF4JLogger:71] - Cluster created with settings {hosts=[121.40.144.146:27017], mode=MULTIPLE, requiredClusterType=UNKNOWN, serverSelectionTimeout='30000 ms', maxWaitQueueSize=500}
2016-08-31 16:43:37 [com.mongodb.diagnostics.logging.SLF4JLogger:71] - Adding discovered server 121.40.144.146:27017 to client view of cluster
2016-08-31 16:43:37 [com.mongodb.diagnostics.logging.SLF4JLogger:71] - Opened connection [connectionId{localValue:1, serverValue:875}] to 121.40.144.146:27017
2016-08-31 16:43:37 [com.mongodb.diagnostics.logging.SLF4JLogger:71] - Monitor thread successfully connected to server with description ServerDescription{address=121.40.144.146:27017, type=STANDALONE, state=CONNECTED, ok=true, version=ServerVersion{versionList=[3, 2, 3]}, minWireVersion=0, maxWireVersion=4, maxDocumentSize=16777216, roundTripTimeNanos=7404033}
2016-08-31 16:43:37 [com.mongodb.diagnostics.logging.SLF4JLogger:71] - Discovered cluster type of STANDALONE
2016-08-31 16:43:38 [org.springframework.web.servlet.mvc.method.annotation.RequestMappingHandlerAdapter:534] - Looking for @ControllerAdvice: org.springframework.boot.context.embedded.AnnotationConfigEmbeddedWebApplicationContext@37fa3ed9: startup date [Wed Aug 31 16:43:32 CST 2016]; root of context hierarchy
2016-08-31 16:43:38 [org.springframework.web.servlet.handler.AbstractHandlerMethodMapping$MappingRegistry:543] - Mapped "{[/mlife/admin/dashboard],methods=[GET]}" onto public org.springframework.web.servlet.ModelAndView colin.app.service.mlife.controller.DashboardModuleController.showDashboard(javax.servlet.http.HttpSession)
2016-08-31 16:43:38 [org.springframework.web.servlet.handler.AbstractHandlerMethodMapping$MappingRegistry:543] - Mapped "{[/mlife/admin/index],methods=[GET]}" onto public org.springframework.web.servlet.ModelAndView colin.app.service.mlife.controller.DashboardModuleController.showIndex() throws java.lang.Exception
2016-08-31 16:43:38 [org.springframework.web.servlet.handler.AbstractHandlerMethodMapping$MappingRegistry:543] - Mapped "{[/mlife/admin/logout],methods=[GET]}" onto public org.springframework.web.servlet.ModelAndView colin.app.service.mlife.controller.DashboardModuleController.adminLogout(java.lang.String)
2016-08-31 16:43:38 [org.springframework.web.servlet.handler.AbstractHandlerMethodMapping$MappingRegistry:543] - Mapped "{[/error/ie],methods=[GET]}" onto public java.lang.String colin.app.service.mlife.controller.ExceptionModuleController.showError()
2016-08-31 16:43:38 [org.springframework.web.servlet.handler.AbstractHandlerMethodMapping$MappingRegistry:543] - Mapped "{[/],methods=[GET]}" onto public org.springframework.web.context.request.async.WebAsyncTask<org.springframework.web.servlet.ModelAndView> colin.app.service.mlife.controller.IndexModuleController.showMlifePage()
2016-08-31 16:43:38 [org.springframework.web.servlet.handler.AbstractHandlerMethodMapping$MappingRegistry:543] - Mapped "{[/mlife/admin/login],methods=[GET]}" onto public java.lang.String colin.app.service.mlife.controller.LoginModuleController.showLogin()
2016-08-31 16:43:38 [org.springframework.web.servlet.handler.AbstractHandlerMethodMapping$MappingRegistry:543] - Mapped "{[/mlife/admin/login],methods=[POST]}" onto public org.springframework.web.servlet.ModelAndView colin.app.service.mlife.controller.LoginModuleController.adminLogin(java.lang.String,java.lang.String,javax.servlet.http.HttpSession)
2016-08-31 16:43:38 [org.springframework.web.servlet.handler.AbstractHandlerMethodMapping$MappingRegistry:543] - Mapped "{[/mlife/admin/crawler_aticle],methods=[GET]}" onto public org.springframework.web.servlet.ModelAndView colin.app.service.mlife.controller.WebCrawlerAticleModuleController.showCrawlerAticlePage()
2016-08-31 16:43:38 [org.springframework.web.servlet.handler.AbstractHandlerMethodMapping$MappingRegistry:543] - Mapped "{[/mlife/admin/crawler_aticle_detail],methods=[GET]}" onto public org.springframework.web.servlet.ModelAndView colin.app.service.mlife.controller.WebCrawlerAticleModuleController.showCrawlerAtcileDetailPage(java.lang.String)
2016-08-31 16:43:38 [org.springframework.web.servlet.handler.AbstractHandlerMethodMapping$MappingRegistry:543] - Mapped "{[/mlife/admin/crawler_aticle_list],methods=[POST]}" onto public org.springframework.web.servlet.ModelAndView colin.app.service.mlife.controller.WebCrawlerAticleModuleController.showCrawlerAticleDigestList(int,int)
2016-08-31 16:43:38 [org.springframework.web.servlet.handler.AbstractHandlerMethodMapping$MappingRegistry:543] - Mapped "{[/mlife/admin/web_crawler],methods=[GET]}" onto public org.springframework.web.servlet.ModelAndView colin.app.service.mlife.controller.WebCrawlerController.showWebCrawler()
2016-08-31 16:43:38 [org.springframework.web.servlet.handler.AbstractHandlerMethodMapping$MappingRegistry:543] - Mapped "{[/mlife/admin/list_web_crawler],methods=[POST]}" onto public java.lang.Object colin.app.service.mlife.controller.WebCrawlerController.listCrawlerUrlInfo(int,int)
2016-08-31 16:43:38 [org.springframework.web.servlet.handler.AbstractHandlerMethodMapping$MappingRegistry:543] - Mapped "{[/mlife/admin/add_crawler_url],methods=[PUT],produces=[application/json;charset=UTF-8]}" onto public java.lang.Object colin.app.service.mlife.controller.WebCrawlerController.addCrawlerUrlInfo(colin.app.service.mlife.controller.wrapper.CrawlerUrlWrapper)
2016-08-31 16:43:38 [org.springframework.web.servlet.handler.AbstractHandlerMethodMapping$MappingRegistry:543] - Mapped "{[/mlife/admin/web_parser],methods=[GET]}" onto public org.springframework.web.servlet.ModelAndView colin.app.service.mlife.controller.WebCrawlerParserModuleController.showWebCrawlerParserPage()
2016-08-31 16:43:38 [org.springframework.web.servlet.handler.AbstractHandlerMethodMapping$MappingRegistry:543] - Mapped "{[/error]}" onto public org.springframework.http.ResponseEntity<java.util.Map<java.lang.String, java.lang.Object>> org.springframework.boot.autoconfigure.web.BasicErrorController.error(javax.servlet.http.HttpServletRequest)
2016-08-31 16:43:38 [org.springframework.web.servlet.handler.AbstractHandlerMethodMapping$MappingRegistry:543] - Mapped "{[/error],produces=[text/html]}" onto public org.springframework.web.servlet.ModelAndView org.springframework.boot.autoconfigure.web.BasicErrorController.errorHtml(javax.servlet.http.HttpServletRequest,javax.servlet.http.HttpServletResponse)
2016-08-31 16:43:38 [org.springframework.web.servlet.handler.AbstractUrlHandlerMapping:354] - Mapped URL path [/webjars/**] onto handler of type [class org.springframework.web.servlet.resource.ResourceHttpRequestHandler]
2016-08-31 16:43:38 [org.springframework.web.servlet.handler.AbstractUrlHandlerMapping:354] - Mapped URL path [/**] onto handler of type [class org.springframework.web.servlet.resource.ResourceHttpRequestHandler]
2016-08-31 16:43:38 [org.springframework.web.servlet.handler.AbstractUrlHandlerMapping:354] - Mapped URL path [/**/favicon.ico] onto handler of type [class org.springframework.web.servlet.resource.ResourceHttpRequestHandler]
2016-08-31 16:43:38 [org.springframework.jmx.export.MBeanExporter:431] - Registering beans for JMX exposure on startup
2016-08-31 16:43:38 [org.springframework.scheduling.annotation.ScheduledAnnotationBeanPostProcessor:244] - No TaskScheduler/ScheduledExecutorService bean found for scheduled processing
2016-08-31 16:43:38 [org.apache.juli.logging.DirectJDKLog:179] - Initializing ProtocolHandler ["http-nio-8181"]
2016-08-31 16:43:38 [org.apache.juli.logging.DirectJDKLog:179] - Starting ProtocolHandler [http-nio-8181]
2016-08-31 16:43:38 [org.apache.juli.logging.DirectJDKLog:179] - Using a shared selector for servlet write/read
2016-08-31 16:43:38 [org.springframework.boot.context.embedded.tomcat.TomcatEmbeddedServletContainer:186] - Tomcat started on port(s): 8181 (http)
2016-08-31 16:43:38 [org.springframework.boot.StartupInfoLogger:57] - Started BootstrapApplication in 7.348 seconds (JVM running for 9.216)
2016-08-31 16:50:00 [com.mongodb.diagnostics.logging.SLF4JLogger:71] - Opened connection [connectionId{localValue:2, serverValue:876}] to 121.40.144.146:27017
2016-08-31 16:50:08 [colin.app.service.mlife.core.parser.BoLeOnlineAticlePageParser:48] - 当前连接访问超时,http://www.importnew.com/all-posts/page/82/,{}
java.net.SocketTimeoutException: Read timed out
	at java.net.SocketInputStream.socketRead0(Native Method)
	at java.net.SocketInputStream.read(SocketInputStream.java:152)
	at java.net.SocketInputStream.read(SocketInputStream.java:122)
	at java.io.BufferedInputStream.fill(BufferedInputStream.java:235)
	at java.io.BufferedInputStream.read1(BufferedInputStream.java:275)
	at java.io.BufferedInputStream.read(BufferedInputStream.java:334)
	at sun.net.www.http.HttpClient.parseHTTPHeader(HttpClient.java:689)
	at sun.net.www.http.HttpClient.parseHTTP(HttpClient.java:633)
	at sun.net.www.protocol.http.HttpURLConnection.getInputStream(HttpURLConnection.java:1324)
	at java.net.HttpURLConnection.getResponseCode(HttpURLConnection.java:468)
	at org.jsoup.helper.HttpConnection$Response.execute(HttpConnection.java:567)
	at org.jsoup.helper.HttpConnection$Response.execute(HttpConnection.java:540)
	at org.jsoup.helper.HttpConnection.execute(HttpConnection.java:227)
	at org.jsoup.helper.HttpConnection.get(HttpConnection.java:216)
	at colin.app.service.mlife.core.parser.BoLeOnlineAticlePageParser.combineCrawlerAticle(BoLeOnlineAticlePageParser.java:83)
	at colin.app.service.mlife.core.parser.BoLeOnlineAticlePageParser.combineCrawlerAticles(BoLeOnlineAticlePageParser.java:44)
	at colin.app.service.mlife.core.parser.BoLeOnlineAticlePageParser.urlPageHandler(BoLeOnlineAticlePageParser.java:27)
	at colin.app.service.mlife.schedule.PageCrawlerSchedule.setCrawlerAticleSchedule(PageCrawlerSchedule.java:52)
	at sun.reflect.NativeMethodAccessorImpl.invoke0(Native Method)
	at sun.reflect.NativeMethodAccessorImpl.invoke(NativeMethodAccessorImpl.java:57)
	at sun.reflect.DelegatingMethodAccessorImpl.invoke(DelegatingMethodAccessorImpl.java:43)
	at java.lang.reflect.Method.invoke(Method.java:606)
	at org.springframework.scheduling.support.ScheduledMethodRunnable.run(ScheduledMethodRunnable.java:65)
	at org.springframework.scheduling.support.DelegatingErrorHandlingRunnable.run(DelegatingErrorHandlingRunnable.java:54)
	at org.springframework.scheduling.concurrent.ReschedulingRunnable.run(ReschedulingRunnable.java:81)
	at java.util.concurrent.Executors$RunnableAdapter.call(Executors.java:471)
	at java.util.concurrent.FutureTask.run(FutureTask.java:262)
	at java.util.concurrent.ScheduledThreadPoolExecutor$ScheduledFutureTask.access$201(ScheduledThreadPoolExecutor.java:178)
	at java.util.concurrent.ScheduledThreadPoolExecutor$ScheduledFutureTask.run(ScheduledThreadPoolExecutor.java:292)
	at java.util.concurrent.ThreadPoolExecutor.runWorker(ThreadPoolExecutor.java:1145)
	at java.util.concurrent.ThreadPoolExecutor$Worker.run(ThreadPoolExecutor.java:615)
	at java.lang.Thread.run(Thread.java:745)
2016-08-31 16:50:08 [org.springframework.scheduling.support.TaskUtils$LoggingErrorHandler:95] - Unexpected error occurred in scheduled task.
java.lang.NullPointerException: null
	at java.util.ArrayList.addAll(ArrayList.java:559)
	at colin.app.service.mlife.schedule.PageCrawlerSchedule.setCrawlerAticleSchedule(PageCrawlerSchedule.java:52)
	at sun.reflect.NativeMethodAccessorImpl.invoke0(Native Method)
	at sun.reflect.NativeMethodAccessorImpl.invoke(NativeMethodAccessorImpl.java:57)
	at sun.reflect.DelegatingMethodAccessorImpl.invoke(DelegatingMethodAccessorImpl.java:43)
	at java.lang.reflect.Method.invoke(Method.java:606)
	at org.springframework.scheduling.support.ScheduledMethodRunnable.run(ScheduledMethodRunnable.java:65)
	at org.springframework.scheduling.support.DelegatingErrorHandlingRunnable.run(DelegatingErrorHandlingRunnable.java:54)
	at org.springframework.scheduling.concurrent.ReschedulingRunnable.run(ReschedulingRunnable.java:81)
	at java.util.concurrent.Executors$RunnableAdapter.call(Executors.java:471)
	at java.util.concurrent.FutureTask.run(FutureTask.java:262)
	at java.util.concurrent.ScheduledThreadPoolExecutor$ScheduledFutureTask.access$201(ScheduledThreadPoolExecutor.java:178)
	at java.util.concurrent.ScheduledThreadPoolExecutor$ScheduledFutureTask.run(ScheduledThreadPoolExecutor.java:292)
	at java.util.concurrent.ThreadPoolExecutor.runWorker(ThreadPoolExecutor.java:1145)
	at java.util.concurrent.ThreadPoolExecutor$Worker.run(ThreadPoolExecutor.java:615)
	at java.lang.Thread.run(Thread.java:745)
2016-08-31 17:00:07 [colin.app.service.mlife.core.parser.BoLeOnlineAticlePageParser:48] - 当前连接访问超时,http://www.importnew.com/all-posts/page/82/,{}
java.net.SocketTimeoutException: Read timed out
	at java.net.SocketInputStream.socketRead0(Native Method)
	at java.net.SocketInputStream.read(SocketInputStream.java:152)
	at java.net.SocketInputStream.read(SocketInputStream.java:122)
	at java.io.BufferedInputStream.fill(BufferedInputStream.java:235)
	at java.io.BufferedInputStream.read1(BufferedInputStream.java:275)
	at java.io.BufferedInputStream.read(BufferedInputStream.java:334)
	at sun.net.www.http.HttpClient.parseHTTPHeader(HttpClient.java:689)
	at sun.net.www.http.HttpClient.parseHTTP(HttpClient.java:633)
	at sun.net.www.protocol.http.HttpURLConnection.getInputStream(HttpURLConnection.java:1324)
	at java.net.HttpURLConnection.getResponseCode(HttpURLConnection.java:468)
	at org.jsoup.helper.HttpConnection$Response.execute(HttpConnection.java:567)
	at org.jsoup.helper.HttpConnection$Response.execute(HttpConnection.java:540)
	at org.jsoup.helper.HttpConnection.execute(HttpConnection.java:227)
	at org.jsoup.helper.HttpConnection.get(HttpConnection.java:216)
	at colin.app.service.mlife.core.parser.BoLeOnlineAticlePageParser.combineCrawlerAticle(BoLeOnlineAticlePageParser.java:83)
	at colin.app.service.mlife.core.parser.BoLeOnlineAticlePageParser.combineCrawlerAticles(BoLeOnlineAticlePageParser.java:44)
	at colin.app.service.mlife.core.parser.BoLeOnlineAticlePageParser.urlPageHandler(BoLeOnlineAticlePageParser.java:27)
	at colin.app.service.mlife.schedule.PageCrawlerSchedule.setCrawlerAticleSchedule(PageCrawlerSchedule.java:52)
	at sun.reflect.NativeMethodAccessorImpl.invoke0(Native Method)
	at sun.reflect.NativeMethodAccessorImpl.invoke(NativeMethodAccessorImpl.java:57)
	at sun.reflect.DelegatingMethodAccessorImpl.invoke(DelegatingMethodAccessorImpl.java:43)
	at java.lang.reflect.Method.invoke(Method.java:606)
	at org.springframework.scheduling.support.ScheduledMethodRunnable.run(ScheduledMethodRunnable.java:65)
	at org.springframework.scheduling.support.DelegatingErrorHandlingRunnable.run(DelegatingErrorHandlingRunnable.java:54)
	at org.springframework.scheduling.concurrent.ReschedulingRunnable.run(ReschedulingRunnable.java:81)
	at java.util.concurrent.Executors$RunnableAdapter.call(Executors.java:471)
	at java.util.concurrent.FutureTask.run(FutureTask.java:262)
	at java.util.concurrent.ScheduledThreadPoolExecutor$ScheduledFutureTask.access$201(ScheduledThreadPoolExecutor.java:178)
	at java.util.concurrent.ScheduledThreadPoolExecutor$ScheduledFutureTask.run(ScheduledThreadPoolExecutor.java:292)
	at java.util.concurrent.ThreadPoolExecutor.runWorker(ThreadPoolExecutor.java:1145)
	at java.util.concurrent.ThreadPoolExecutor$Worker.run(ThreadPoolExecutor.java:615)
	at java.lang.Thread.run(Thread.java:745)
2016-08-31 17:00:07 [org.springframework.scheduling.support.TaskUtils$LoggingErrorHandler:95] - Unexpected error occurred in scheduled task.
java.lang.NullPointerException: null
	at java.util.ArrayList.addAll(ArrayList.java:559)
	at colin.app.service.mlife.schedule.PageCrawlerSchedule.setCrawlerAticleSchedule(PageCrawlerSchedule.java:52)
	at sun.reflect.NativeMethodAccessorImpl.invoke0(Native Method)
	at sun.reflect.NativeMethodAccessorImpl.invoke(NativeMethodAccessorImpl.java:57)
	at sun.reflect.DelegatingMethodAccessorImpl.invoke(DelegatingMethodAccessorImpl.java:43)
	at java.lang.reflect.Method.invoke(Method.java:606)
	at org.springframework.scheduling.support.ScheduledMethodRunnable.run(ScheduledMethodRunnable.java:65)
	at org.springframework.scheduling.support.DelegatingErrorHandlingRunnable.run(DelegatingErrorHandlingRunnable.java:54)
	at org.springframework.scheduling.concurrent.ReschedulingRunnable.run(ReschedulingRunnable.java:81)
	at java.util.concurrent.Executors$RunnableAdapter.call(Executors.java:471)
	at java.util.concurrent.FutureTask.run(FutureTask.java:262)
	at java.util.concurrent.ScheduledThreadPoolExecutor$ScheduledFutureTask.access$201(ScheduledThreadPoolExecutor.java:178)
	at java.util.concurrent.ScheduledThreadPoolExecutor$ScheduledFutureTask.run(ScheduledThreadPoolExecutor.java:292)
	at java.util.concurrent.ThreadPoolExecutor.runWorker(ThreadPoolExecutor.java:1145)
	at java.util.concurrent.ThreadPoolExecutor$Worker.run(ThreadPoolExecutor.java:615)
	at java.lang.Thread.run(Thread.java:745)
